  [1m[36m (4.9ms)[0m  [1mCREATE TABLE "schema_migrations" ("version" varchar NOT NULL) [0m
  [1m[35m (0.3ms)[0m  select sqlite_version(*)
  [1m[36m (0.6ms)[0m  [1mCREATE UNIQUE INDEX "unique_schema_migrations" ON "schema_migrations" ("version")[0m
  [1m[35mActiveRecord::SchemaMigration Load (0.1ms)[0m  SELECT "schema_migrations".* FROM "schema_migrations"
Migrating to CreateBears (20160201161657)
  [1m[36m (0.0ms)[0m  [1mbegin transaction[0m
  [1m[35m (0.3ms)[0m  CREATE TABLE "bears" ("id" INTEGER PRIMARY KEY AUTOINCREMENT NOT NULL, "name" varchar, "description" varchar, "created_at" datetime NOT NULL, "updated_at" datetime NOT NULL) 
  [1m[36mSQL (0.1ms)[0m  [1mINSERT INTO "schema_migrations" ("version") VALUES (?)[0m  [["version", "20160201161657"]]
  [1m[35m (0.5ms)[0m  commit transaction
  [1m[36mActiveRecord::SchemaMigration Load (0.1ms)[0m  [1mSELECT "schema_migrations".* FROM "schema_migrations"[0m


Started GET "/" for ::1 at 2016-02-01 09:29:26 -0700
  [1m[36mActiveRecord::SchemaMigration Load (0.1ms)[0m  [1mSELECT "schema_migrations".* FROM "schema_migrations"[0m
Processing by BearsController#index as HTML
  [1m[35mBear Load (0.1ms)[0m  SELECT "bears".* FROM "bears"
  Rendered bears/index.html.erb within layouts/application (1.6ms)
Completed 200 OK in 259ms (Views: 250.8ms | ActiveRecord: 0.2ms)


Started GET "/assets/bears.self-e3b0c44298fc1c149afbf4c8996fb92427ae41e4649b934ca495991b7852b855.css?body=1" for ::1 at 2016-02-01 09:29:26 -0700


Started GET "/assets/bears.self-877aef30ae1b040ab8a3aba4e3e309a11d7f2612f44dde450b5c157aa5f95c05.js?body=1" for ::1 at 2016-02-01 09:29:26 -0700


Started GET "/assets/application.self-e80e8f2318043e8af94dddc2adad5a4f09739a8ebb323b3ab31cd71d45fd9113.css?body=1" for ::1 at 2016-02-01 09:29:26 -0700


Started GET "/" for ::1 at 2016-02-01 09:30:00 -0700
Processing by BearsController#index as HTML
  [1m[36mBear Load (0.1ms)[0m  [1mSELECT "bears".* FROM "bears"[0m
  Rendered bears/index.html.erb within layouts/application (1.8ms)
Completed 200 OK in 16ms (Views: 15.5ms | ActiveRecord: 0.1ms)


Started GET "/assets/application.self-e80e8f2318043e8af94dddc2adad5a4f09739a8ebb323b3ab31cd71d45fd9113.css?body=1" for ::1 at 2016-02-01 09:30:00 -0700


Started GET "/assets/bears.self-e3b0c44298fc1c149afbf4c8996fb92427ae41e4649b934ca495991b7852b855.css?body=1" for ::1 at 2016-02-01 09:30:00 -0700


Started GET "/assets/turbolinks.self-c37727e9bd6b2735da5c311aa83fead54ed0be6cc8bd9a65309e9c5abe2cbfff.js?body=1" for ::1 at 2016-02-01 09:30:00 -0700


Started GET "/assets/jquery.self-c64a74367bda6ef8b860f19e74df08927ca99d2be2ac934e9e92d5fd361e0da4.js?body=1" for ::1 at 2016-02-01 09:30:00 -0700


Started GET "/assets/bears.self-877aef30ae1b040ab8a3aba4e3e309a11d7f2612f44dde450b5c157aa5f95c05.js?body=1" for ::1 at 2016-02-01 09:30:00 -0700


Started GET "/assets/jquery_ujs.self-d602bdfe68ffc63b9f9cc512872aa3cfff046228a0a36e90dd476e8ef54c1b09.js?body=1" for ::1 at 2016-02-01 09:30:00 -0700


Started GET "/assets/application.self-3b8dabdc891efe46b9a144b400ad69e37d7e5876bdc39dee783419a69d7ca819.js?body=1" for ::1 at 2016-02-01 09:30:00 -0700


Started GET "/" for ::1 at 2016-02-01 09:30:08 -0700
Processing by BearsController#index as HTML
  Rendered bears/index.html.erb within layouts/application (1.7ms)
Completed 500 Internal Server Error in 5ms (ActiveRecord: 0.0ms)

SyntaxError (/Users/jgisin/Sites/Viking/bear_necessities/app/views/bears/index.html.erb:1: syntax error, unexpected tIDENTIFIER, expecting ')'
...ink_to 'New Bear' new_bear_path );@output_buffer.safe_append...
...                               ^):
  app/views/bears/index.html.erb:1: syntax error, unexpected tIDENTIFIER, expecting ')'


  Rendered /Users/jgisin/.rvm/gems/ruby-2.2.1/gems/actionpack-4.2.5.1/lib/action_dispatch/middleware/templates/rescues/_source.erb (5.6ms)
  Rendered /Users/jgisin/.rvm/gems/ruby-2.2.1/gems/actionpack-4.2.5.1/lib/action_dispatch/middleware/templates/rescues/_trace.html.erb (2.3ms)
  Rendered /Users/jgisin/.rvm/gems/ruby-2.2.1/gems/actionpack-4.2.5.1/lib/action_dispatch/middleware/templates/rescues/_request_and_response.html.erb (0.7ms)
  Rendered /Users/jgisin/.rvm/gems/ruby-2.2.1/gems/actionpack-4.2.5.1/lib/action_dispatch/middleware/templates/rescues/diagnostics.html.erb within rescues/layout (46.3ms)
  Rendered /Users/jgisin/.rvm/gems/ruby-2.2.1/gems/web-console-2.3.0/lib/web_console/templates/_markup.html.erb (0.3ms)
  Rendered /Users/jgisin/.rvm/gems/ruby-2.2.1/gems/web-console-2.3.0/lib/web_console/templates/_inner_console_markup.html.erb within layouts/inlined_string (0.3ms)
  Rendered /Users/jgisin/.rvm/gems/ruby-2.2.1/gems/web-console-2.3.0/lib/web_console/templates/_prompt_box_markup.html.erb within layouts/inlined_string (0.4ms)
  Rendered /Users/jgisin/.rvm/gems/ruby-2.2.1/gems/web-console-2.3.0/lib/web_console/templates/style.css.erb within layouts/inlined_string (0.6ms)
  Rendered /Users/jgisin/.rvm/gems/ruby-2.2.1/gems/web-console-2.3.0/lib/web_console/templates/console.js.erb within layouts/javascript (54.3ms)
  Rendered /Users/jgisin/.rvm/gems/ruby-2.2.1/gems/web-console-2.3.0/lib/web_console/templates/main.js.erb within layouts/javascript (0.4ms)
  Rendered /Users/jgisin/.rvm/gems/ruby-2.2.1/gems/web-console-2.3.0/lib/web_console/templates/error_page.js.erb within layouts/javascript (0.4ms)
  Rendered /Users/jgisin/.rvm/gems/ruby-2.2.1/gems/web-console-2.3.0/lib/web_console/templates/index.html.erb (108.5ms)


Started GET "/" for ::1 at 2016-02-01 09:30:14 -0700
Processing by BearsController#index as HTML
  [1m[35mBear Load (0.1ms)[0m  SELECT "bears".* FROM "bears"
  Rendered bears/index.html.erb within layouts/application (1.3ms)
Completed 200 OK in 24ms (Views: 23.5ms | ActiveRecord: 0.1ms)


Started GET "/assets/bears.self-877aef30ae1b040ab8a3aba4e3e309a11d7f2612f44dde450b5c157aa5f95c05.js?body=1" for ::1 at 2016-02-01 09:30:14 -0700


Started GET "/assets/bears.self-e3b0c44298fc1c149afbf4c8996fb92427ae41e4649b934ca495991b7852b855.css?body=1" for ::1 at 2016-02-01 09:30:14 -0700


Started GET "/assets/turbolinks.self-c37727e9bd6b2735da5c311aa83fead54ed0be6cc8bd9a65309e9c5abe2cbfff.js?body=1" for ::1 at 2016-02-01 09:30:14 -0700


Started GET "/assets/jquery_ujs.self-d602bdfe68ffc63b9f9cc512872aa3cfff046228a0a36e90dd476e8ef54c1b09.js?body=1" for ::1 at 2016-02-01 09:30:14 -0700


Started GET "/assets/application.self-e80e8f2318043e8af94dddc2adad5a4f09739a8ebb323b3ab31cd71d45fd9113.css?body=1" for ::1 at 2016-02-01 09:30:14 -0700


Started GET "/assets/jquery.self-c64a74367bda6ef8b860f19e74df08927ca99d2be2ac934e9e92d5fd361e0da4.js?body=1" for ::1 at 2016-02-01 09:30:14 -0700


Started GET "/assets/application.self-3b8dabdc891efe46b9a144b400ad69e37d7e5876bdc39dee783419a69d7ca819.js?body=1" for ::1 at 2016-02-01 09:30:14 -0700


Started GET "/bears/new" for ::1 at 2016-02-01 09:30:16 -0700
Processing by BearsController#new as HTML
  Rendered bears/new.html.erb within layouts/application (1.2ms)
Completed 500 Internal Server Error in 10ms (ActiveRecord: 0.2ms)

SyntaxError (/Users/jgisin/Sites/Viking/bear_necessities/app/views/bears/new.html.erb:1: syntax error, unexpected tSTRING_BEG, expecting ')'
...ffer.append=( render :partial 'form' );@output_buffer.safe_a...
...                               ^):
  app/views/bears/new.html.erb:1: syntax error, unexpected tSTRING_BEG, expecting ')'


  Rendered /Users/jgisin/.rvm/gems/ruby-2.2.1/gems/actionpack-4.2.5.1/lib/action_dispatch/middleware/templates/rescues/_source.erb (5.3ms)
  Rendered /Users/jgisin/.rvm/gems/ruby-2.2.1/gems/actionpack-4.2.5.1/lib/action_dispatch/middleware/templates/rescues/_trace.html.erb (2.6ms)
  Rendered /Users/jgisin/.rvm/gems/ruby-2.2.1/gems/actionpack-4.2.5.1/lib/action_dispatch/middleware/templates/rescues/_request_and_response.html.erb (0.8ms)
  Rendered /Users/jgisin/.rvm/gems/ruby-2.2.1/gems/actionpack-4.2.5.1/lib/action_dispatch/middleware/templates/rescues/diagnostics.html.erb within rescues/layout (49.0ms)
  Rendered /Users/jgisin/.rvm/gems/ruby-2.2.1/gems/web-console-2.3.0/lib/web_console/templates/_markup.html.erb (0.4ms)
  Rendered /Users/jgisin/.rvm/gems/ruby-2.2.1/gems/web-console-2.3.0/lib/web_console/templates/_inner_console_markup.html.erb within layouts/inlined_string (0.2ms)
  Rendered /Users/jgisin/.rvm/gems/ruby-2.2.1/gems/web-console-2.3.0/lib/web_console/templates/_prompt_box_markup.html.erb within layouts/inlined_string (0.2ms)
  Rendered /Users/jgisin/.rvm/gems/ruby-2.2.1/gems/web-console-2.3.0/lib/web_console/templates/style.css.erb within layouts/inlined_string (0.2ms)
  Rendered /Users/jgisin/.rvm/gems/ruby-2.2.1/gems/web-console-2.3.0/lib/web_console/templates/console.js.erb within layouts/javascript (37.2ms)
  Rendered /Users/jgisin/.rvm/gems/ruby-2.2.1/gems/web-console-2.3.0/lib/web_console/templates/main.js.erb within layouts/javascript (0.2ms)
  Rendered /Users/jgisin/.rvm/gems/ruby-2.2.1/gems/web-console-2.3.0/lib/web_console/templates/error_page.js.erb within layouts/javascript (0.4ms)
  Rendered /Users/jgisin/.rvm/gems/ruby-2.2.1/gems/web-console-2.3.0/lib/web_console/templates/index.html.erb (82.5ms)


Started GET "/bears/new" for ::1 at 2016-02-01 09:30:16 -0700
Processing by BearsController#new as HTML
  Rendered bears/new.html.erb within layouts/application (0.8ms)
Completed 500 Internal Server Error in 4ms (ActiveRecord: 0.0ms)

SyntaxError (/Users/jgisin/Sites/Viking/bear_necessities/app/views/bears/new.html.erb:1: syntax error, unexpected tSTRING_BEG, expecting ')'
...ffer.append=( render :partial 'form' );@output_buffer.safe_a...
...                               ^):
  app/views/bears/new.html.erb:1: syntax error, unexpected tSTRING_BEG, expecting ')'


  Rendered /Users/jgisin/.rvm/gems/ruby-2.2.1/gems/actionpack-4.2.5.1/lib/action_dispatch/middleware/templates/rescues/_source.erb (5.9ms)
  Rendered /Users/jgisin/.rvm/gems/ruby-2.2.1/gems/actionpack-4.2.5.1/lib/action_dispatch/middleware/templates/rescues/_trace.html.erb (2.3ms)
  Rendered /Users/jgisin/.rvm/gems/ruby-2.2.1/gems/actionpack-4.2.5.1/lib/action_dispatch/middleware/templates/rescues/_request_and_response.html.erb (0.7ms)
  Rendered /Users/jgisin/.rvm/gems/ruby-2.2.1/gems/actionpack-4.2.5.1/lib/action_dispatch/middleware/templates/rescues/diagnostics.html.erb within rescues/layout (51.7ms)
  Rendered /Users/jgisin/.rvm/gems/ruby-2.2.1/gems/web-console-2.3.0/lib/web_console/templates/_markup.html.erb (0.3ms)
  Rendered /Users/jgisin/.rvm/gems/ruby-2.2.1/gems/web-console-2.3.0/lib/web_console/templates/_inner_console_markup.html.erb within layouts/inlined_string (0.3ms)
  Rendered /Users/jgisin/.rvm/gems/ruby-2.2.1/gems/web-console-2.3.0/lib/web_console/templates/_prompt_box_markup.html.erb within layouts/inlined_string (0.3ms)
  Rendered /Users/jgisin/.rvm/gems/ruby-2.2.1/gems/web-console-2.3.0/lib/web_console/templates/style.css.erb within layouts/inlined_string (0.3ms)
  Rendered /Users/jgisin/.rvm/gems/ruby-2.2.1/gems/web-console-2.3.0/lib/web_console/templates/console.js.erb within layouts/javascript (41.1ms)
  Rendered /Users/jgisin/.rvm/gems/ruby-2.2.1/gems/web-console-2.3.0/lib/web_console/templates/main.js.erb within layouts/javascript (0.2ms)
  Rendered /Users/jgisin/.rvm/gems/ruby-2.2.1/gems/web-console-2.3.0/lib/web_console/templates/error_page.js.erb within layouts/javascript (0.3ms)
  Rendered /Users/jgisin/.rvm/gems/ruby-2.2.1/gems/web-console-2.3.0/lib/web_console/templates/index.html.erb (86.8ms)


Started GET "/bears/new" for ::1 at 2016-02-01 09:30:34 -0700
Processing by BearsController#new as HTML
  Rendered bears/_form.html.erb (14.1ms)
  Rendered bears/new.html.erb within layouts/application (15.5ms)
Completed 200 OK in 27ms (Views: 27.0ms | ActiveRecord: 0.0ms)


Started GET "/assets/turbolinks.self-c37727e9bd6b2735da5c311aa83fead54ed0be6cc8bd9a65309e9c5abe2cbfff.js?body=1" for ::1 at 2016-02-01 09:30:35 -0700


Started GET "/assets/application.self-e80e8f2318043e8af94dddc2adad5a4f09739a8ebb323b3ab31cd71d45fd9113.css?body=1" for ::1 at 2016-02-01 09:30:35 -0700


Started GET "/assets/bears.self-e3b0c44298fc1c149afbf4c8996fb92427ae41e4649b934ca495991b7852b855.css?body=1" for ::1 at 2016-02-01 09:30:35 -0700


Started GET "/assets/jquery_ujs.self-d602bdfe68ffc63b9f9cc512872aa3cfff046228a0a36e90dd476e8ef54c1b09.js?body=1" for ::1 at 2016-02-01 09:30:35 -0700


Started GET "/assets/bears.self-877aef30ae1b040ab8a3aba4e3e309a11d7f2612f44dde450b5c157aa5f95c05.js?body=1" for ::1 at 2016-02-01 09:30:35 -0700


Started GET "/assets/jquery.self-c64a74367bda6ef8b860f19e74df08927ca99d2be2ac934e9e92d5fd361e0da4.js?body=1" for ::1 at 2016-02-01 09:30:35 -0700


Started GET "/assets/application.self-3b8dabdc891efe46b9a144b400ad69e37d7e5876bdc39dee783419a69d7ca819.js?body=1" for ::1 at 2016-02-01 09:30:35 -0700


Started GET "/bears/new" for ::1 at 2016-02-01 09:30:41 -0700
Processing by BearsController#new as HTML
  Rendered bears/_form.html.erb (1.5ms)
  Rendered bears/new.html.erb within layouts/application (3.0ms)
Completed 200 OK in 14ms (Views: 13.9ms | ActiveRecord: 0.0ms)


Started GET "/bears/new" for ::1 at 2016-02-01 09:30:46 -0700
Processing by BearsController#new as HTML
  Rendered bears/_form.html.erb (1.7ms)
  Rendered bears/new.html.erb within layouts/application (2.5ms)
Completed 200 OK in 13ms (Views: 12.8ms | ActiveRecord: 0.0ms)


Started GET "/assets/application.self-e80e8f2318043e8af94dddc2adad5a4f09739a8ebb323b3ab31cd71d45fd9113.css?body=1" for ::1 at 2016-02-01 09:30:46 -0700


Started GET "/assets/jquery_ujs.self-d602bdfe68ffc63b9f9cc512872aa3cfff046228a0a36e90dd476e8ef54c1b09.js?body=1" for ::1 at 2016-02-01 09:30:46 -0700


Started GET "/assets/turbolinks.self-c37727e9bd6b2735da5c311aa83fead54ed0be6cc8bd9a65309e9c5abe2cbfff.js?body=1" for ::1 at 2016-02-01 09:30:46 -0700


Started GET "/assets/bears.self-e3b0c44298fc1c149afbf4c8996fb92427ae41e4649b934ca495991b7852b855.css?body=1" for ::1 at 2016-02-01 09:30:46 -0700


Started GET "/assets/bears.self-877aef30ae1b040ab8a3aba4e3e309a11d7f2612f44dde450b5c157aa5f95c05.js?body=1" for ::1 at 2016-02-01 09:30:46 -0700


Started GET "/assets/jquery.self-c64a74367bda6ef8b860f19e74df08927ca99d2be2ac934e9e92d5fd361e0da4.js?body=1" for ::1 at 2016-02-01 09:30:46 -0700


Started GET "/assets/application.self-3b8dabdc891efe46b9a144b400ad69e37d7e5876bdc39dee783419a69d7ca819.js?body=1" for ::1 at 2016-02-01 09:30:46 -0700


Started GET "/bears/new" for ::1 at 2016-02-01 09:31:03 -0700
Processing by BearsController#new as HTML
  Rendered bears/_form.html.erb (1.4ms)
  Rendered bears/new.html.erb within layouts/application (2.2ms)
Completed 200 OK in 19ms (Views: 18.4ms | ActiveRecord: 0.0ms)


Started GET "/assets/application.self-e80e8f2318043e8af94dddc2adad5a4f09739a8ebb323b3ab31cd71d45fd9113.css?body=1" for ::1 at 2016-02-01 09:31:03 -0700


Started GET "/assets/bears.self-877aef30ae1b040ab8a3aba4e3e309a11d7f2612f44dde450b5c157aa5f95c05.js?body=1" for ::1 at 2016-02-01 09:31:03 -0700


Started GET "/assets/jquery_ujs.self-d602bdfe68ffc63b9f9cc512872aa3cfff046228a0a36e90dd476e8ef54c1b09.js?body=1" for ::1 at 2016-02-01 09:31:03 -0700


Started GET "/assets/turbolinks.self-c37727e9bd6b2735da5c311aa83fead54ed0be6cc8bd9a65309e9c5abe2cbfff.js?body=1" for ::1 at 2016-02-01 09:31:03 -0700


Started GET "/assets/jquery.self-c64a74367bda6ef8b860f19e74df08927ca99d2be2ac934e9e92d5fd361e0da4.js?body=1" for ::1 at 2016-02-01 09:31:03 -0700


Started GET "/assets/bears.self-e3b0c44298fc1c149afbf4c8996fb92427ae41e4649b934ca495991b7852b855.css?body=1" for ::1 at 2016-02-01 09:31:03 -0700


Started GET "/assets/application.self-3b8dabdc891efe46b9a144b400ad69e37d7e5876bdc39dee783419a69d7ca819.js?body=1" for ::1 at 2016-02-01 09:31:03 -0700


Started GET "/bears/new" for ::1 at 2016-02-01 09:31:10 -0700
Processing by BearsController#new as HTML
  Rendered bears/_form.html.erb (2.0ms)
  Rendered bears/new.html.erb within layouts/application (2.9ms)
Completed 200 OK in 16ms (Views: 15.2ms | ActiveRecord: 0.0ms)


Started GET "/assets/bears.self-877aef30ae1b040ab8a3aba4e3e309a11d7f2612f44dde450b5c157aa5f95c05.js?body=1" for ::1 at 2016-02-01 09:31:11 -0700


Started GET "/assets/jquery.self-c64a74367bda6ef8b860f19e74df08927ca99d2be2ac934e9e92d5fd361e0da4.js?body=1" for ::1 at 2016-02-01 09:31:11 -0700


Started GET "/assets/application.self-e80e8f2318043e8af94dddc2adad5a4f09739a8ebb323b3ab31cd71d45fd9113.css?body=1" for ::1 at 2016-02-01 09:31:11 -0700


Started GET "/assets/bears.self-e3b0c44298fc1c149afbf4c8996fb92427ae41e4649b934ca495991b7852b855.css?body=1" for ::1 at 2016-02-01 09:31:11 -0700


Started GET "/assets/turbolinks.self-c37727e9bd6b2735da5c311aa83fead54ed0be6cc8bd9a65309e9c5abe2cbfff.js?body=1" for ::1 at 2016-02-01 09:31:11 -0700


Started GET "/assets/jquery_ujs.self-d602bdfe68ffc63b9f9cc512872aa3cfff046228a0a36e90dd476e8ef54c1b09.js?body=1" for ::1 at 2016-02-01 09:31:11 -0700


Started GET "/assets/application.self-3b8dabdc891efe46b9a144b400ad69e37d7e5876bdc39dee783419a69d7ca819.js?body=1" for ::1 at 2016-02-01 09:31:11 -0700


Started GET "/bears/new" for ::1 at 2016-02-01 09:31:16 -0700
Processing by BearsController#new as HTML
  Rendered bears/_form.html.erb (1.8ms)
  Rendered bears/new.html.erb within layouts/application (3.0ms)
Completed 200 OK in 15ms (Views: 14.0ms | ActiveRecord: 0.0ms)


Started GET "/assets/bears.self-e3b0c44298fc1c149afbf4c8996fb92427ae41e4649b934ca495991b7852b855.css?body=1" for ::1 at 2016-02-01 09:31:16 -0700


Started GET "/assets/application.self-e80e8f2318043e8af94dddc2adad5a4f09739a8ebb323b3ab31cd71d45fd9113.css?body=1" for ::1 at 2016-02-01 09:31:16 -0700


Started GET "/assets/jquery_ujs.self-d602bdfe68ffc63b9f9cc512872aa3cfff046228a0a36e90dd476e8ef54c1b09.js?body=1" for ::1 at 2016-02-01 09:31:16 -0700


Started GET "/assets/turbolinks.self-c37727e9bd6b2735da5c311aa83fead54ed0be6cc8bd9a65309e9c5abe2cbfff.js?body=1" for ::1 at 2016-02-01 09:31:16 -0700


Started GET "/assets/jquery.self-c64a74367bda6ef8b860f19e74df08927ca99d2be2ac934e9e92d5fd361e0da4.js?body=1" for ::1 at 2016-02-01 09:31:16 -0700


Started GET "/assets/bears.self-877aef30ae1b040ab8a3aba4e3e309a11d7f2612f44dde450b5c157aa5f95c05.js?body=1" for ::1 at 2016-02-01 09:31:16 -0700


Started GET "/assets/application.self-3b8dabdc891efe46b9a144b400ad69e37d7e5876bdc39dee783419a69d7ca819.js?body=1" for ::1 at 2016-02-01 09:31:16 -0700


Started POST "/bears" for ::1 at 2016-02-01 09:32:07 -0700
Processing by BearsController#create as HTML
  Parameters: {"utf8"=>"✓", "authenticity_token"=>"wTChRT2JBd/kRbYUETy1LFYpp3YiqVS6O9iuQdSsgUPjyIj5rZlLaUYl/AD41nt8d4BH5Cmzhf6kBwRw0qrn+g==", "bear"=>{"name"=>"Test", "description"=>"bear"}, "commit"=>"Create Bear"}
  [1m[36m (0.0ms)[0m  [1mbegin transaction[0m
  [1m[35mSQL (0.4ms)[0m  INSERT INTO "bears" ("created_at", "updated_at") VALUES (?, ?)  [["created_at", "2016-02-01 16:32:07.291314"], ["updated_at", "2016-02-01 16:32:07.291314"]]
  [1m[36m (0.5ms)[0m  [1mcommit transaction[0m
Completed 500 Internal Server Error in 12ms (ActiveRecord: 1.3ms)

NoMethodError (undefined method `redirect' for #<BearsController:0x007f8f23253e38>):
  app/controllers/bears_controller.rb:19:in `create'


  Rendered /Users/jgisin/.rvm/gems/ruby-2.2.1/gems/actionpack-4.2.5.1/lib/action_dispatch/middleware/templates/rescues/_source.erb (3.5ms)
  Rendered /Users/jgisin/.rvm/gems/ruby-2.2.1/gems/actionpack-4.2.5.1/lib/action_dispatch/middleware/templates/rescues/_trace.html.erb (1.9ms)
  Rendered /Users/jgisin/.rvm/gems/ruby-2.2.1/gems/actionpack-4.2.5.1/lib/action_dispatch/middleware/templates/rescues/_request_and_response.html.erb (0.7ms)
  Rendered /Users/jgisin/.rvm/gems/ruby-2.2.1/gems/actionpack-4.2.5.1/lib/action_dispatch/middleware/templates/rescues/diagnostics.html.erb within rescues/layout (43.9ms)
  Rendered /Users/jgisin/.rvm/gems/ruby-2.2.1/gems/web-console-2.3.0/lib/web_console/templates/_markup.html.erb (0.3ms)
  Rendered /Users/jgisin/.rvm/gems/ruby-2.2.1/gems/web-console-2.3.0/lib/web_console/templates/_inner_console_markup.html.erb within layouts/inlined_string (0.2ms)
  Rendered /Users/jgisin/.rvm/gems/ruby-2.2.1/gems/web-console-2.3.0/lib/web_console/templates/_prompt_box_markup.html.erb within layouts/inlined_string (0.2ms)
  Rendered /Users/jgisin/.rvm/gems/ruby-2.2.1/gems/web-console-2.3.0/lib/web_console/templates/style.css.erb within layouts/inlined_string (0.2ms)
  Rendered /Users/jgisin/.rvm/gems/ruby-2.2.1/gems/web-console-2.3.0/lib/web_console/templates/console.js.erb within layouts/javascript (33.5ms)
  Rendered /Users/jgisin/.rvm/gems/ruby-2.2.1/gems/web-console-2.3.0/lib/web_console/templates/main.js.erb within layouts/javascript (0.2ms)
  Rendered /Users/jgisin/.rvm/gems/ruby-2.2.1/gems/web-console-2.3.0/lib/web_console/templates/error_page.js.erb within layouts/javascript (0.2ms)
  Rendered /Users/jgisin/.rvm/gems/ruby-2.2.1/gems/web-console-2.3.0/lib/web_console/templates/index.html.erb (73.4ms)


Started POST "/bears" for ::1 at 2016-02-01 09:32:17 -0700
Processing by BearsController#create as HTML
  Parameters: {"utf8"=>"✓", "authenticity_token"=>"wTChRT2JBd/kRbYUETy1LFYpp3YiqVS6O9iuQdSsgUPjyIj5rZlLaUYl/AD41nt8d4BH5Cmzhf6kBwRw0qrn+g==", "bear"=>{"name"=>"Test", "description"=>"bear"}, "commit"=>"Create Bear"}
  [1m[35m (0.0ms)[0m  begin transaction
  [1m[36mSQL (0.3ms)[0m  [1mINSERT INTO "bears" ("created_at", "updated_at") VALUES (?, ?)[0m  [["created_at", "2016-02-01 16:32:17.395435"], ["updated_at", "2016-02-01 16:32:17.395435"]]
  [1m[35m (2.1ms)[0m  commit transaction
Redirected to http://localhost:3000/bears/2
Completed 302 Found in 8ms (ActiveRecord: 2.7ms)


Started GET "/bears/2" for ::1 at 2016-02-01 09:32:17 -0700
Processing by BearsController#show as HTML
  Parameters: {"id"=>"2"}
  [1m[36mBear Load (0.1ms)[0m  [1mSELECT  "bears".* FROM "bears" WHERE "bears"."id" = ? LIMIT 1[0m  [["id", 2]]
  Rendered bears/show.html.erb within layouts/application (0.6ms)
Completed 200 OK in 25ms (Views: 18.0ms | ActiveRecord: 0.1ms)


Started GET "/assets/jquery_ujs.self-d602bdfe68ffc63b9f9cc512872aa3cfff046228a0a36e90dd476e8ef54c1b09.js?body=1" for ::1 at 2016-02-01 09:32:17 -0700


Started GET "/assets/application.self-e80e8f2318043e8af94dddc2adad5a4f09739a8ebb323b3ab31cd71d45fd9113.css?body=1" for ::1 at 2016-02-01 09:32:17 -0700


Started GET "/assets/turbolinks.self-c37727e9bd6b2735da5c311aa83fead54ed0be6cc8bd9a65309e9c5abe2cbfff.js?body=1" for ::1 at 2016-02-01 09:32:17 -0700


Started GET "/assets/bears.self-e3b0c44298fc1c149afbf4c8996fb92427ae41e4649b934ca495991b7852b855.css?body=1" for ::1 at 2016-02-01 09:32:17 -0700


Started GET "/assets/jquery.self-c64a74367bda6ef8b860f19e74df08927ca99d2be2ac934e9e92d5fd361e0da4.js?body=1" for ::1 at 2016-02-01 09:32:17 -0700


Started GET "/assets/bears.self-877aef30ae1b040ab8a3aba4e3e309a11d7f2612f44dde450b5c157aa5f95c05.js?body=1" for ::1 at 2016-02-01 09:32:17 -0700


Started GET "/assets/application.self-3b8dabdc891efe46b9a144b400ad69e37d7e5876bdc39dee783419a69d7ca819.js?body=1" for ::1 at 2016-02-01 09:32:17 -0700


Started GET "/" for ::1 at 2016-02-01 09:32:25 -0700
Processing by BearsController#index as HTML
  [1m[35mBear Load (0.2ms)[0m  SELECT "bears".* FROM "bears"
  Rendered bears/index.html.erb within layouts/application (0.8ms)
Completed 200 OK in 12ms (Views: 11.2ms | ActiveRecord: 0.2ms)


Started GET "/assets/bears.self-e3b0c44298fc1c149afbf4c8996fb92427ae41e4649b934ca495991b7852b855.css?body=1" for ::1 at 2016-02-01 09:32:25 -0700


Started GET "/assets/application.self-e80e8f2318043e8af94dddc2adad5a4f09739a8ebb323b3ab31cd71d45fd9113.css?body=1" for ::1 at 2016-02-01 09:32:25 -0700


Started GET "/assets/turbolinks.self-c37727e9bd6b2735da5c311aa83fead54ed0be6cc8bd9a65309e9c5abe2cbfff.js?body=1" for ::1 at 2016-02-01 09:32:25 -0700


Started GET "/assets/bears.self-877aef30ae1b040ab8a3aba4e3e309a11d7f2612f44dde450b5c157aa5f95c05.js?body=1" for ::1 at 2016-02-01 09:32:25 -0700


Started GET "/assets/jquery.self-c64a74367bda6ef8b860f19e74df08927ca99d2be2ac934e9e92d5fd361e0da4.js?body=1" for ::1 at 2016-02-01 09:32:25 -0700


Started GET "/assets/jquery_ujs.self-d602bdfe68ffc63b9f9cc512872aa3cfff046228a0a36e90dd476e8ef54c1b09.js?body=1" for ::1 at 2016-02-01 09:32:25 -0700


Started GET "/assets/application.self-3b8dabdc891efe46b9a144b400ad69e37d7e5876bdc39dee783419a69d7ca819.js?body=1" for ::1 at 2016-02-01 09:32:25 -0700
  [1m[36mBear Load (1.5ms)[0m  [1mSELECT "bears".* FROM "bears"[0m
  [1m[35mBear Load (0.2ms)[0m  SELECT  "bears".* FROM "bears" WHERE "bears"."id" = ? LIMIT 1  [["id", 1]]
  [1m[36m (0.2ms)[0m  [1mbegin transaction[0m
  [1m[35mSQL (0.5ms)[0m  DELETE FROM "bears" WHERE "bears"."id" = ?  [["id", 1]]
  [1m[36m (0.6ms)[0m  [1mcommit transaction[0m
  [1m[35mBear Load (0.1ms)[0m  SELECT  "bears".* FROM "bears" WHERE "bears"."id" = ? LIMIT 1  [["id", 2]]
  [1m[36m (0.1ms)[0m  [1mbegin transaction[0m
  [1m[35mSQL (0.3ms)[0m  DELETE FROM "bears" WHERE "bears"."id" = ?  [["id", 2]]
  [1m[36m (2.1ms)[0m  [1mcommit transaction[0m


Started GET "/" for ::1 at 2016-02-01 09:34:03 -0700
  [1m[36mActiveRecord::SchemaMigration Load (0.1ms)[0m  [1mSELECT "schema_migrations".* FROM "schema_migrations"[0m
Processing by BearsController#index as HTML
  [1m[35mBear Load (0.1ms)[0m  SELECT "bears".* FROM "bears"
  Rendered bears/index.html.erb within layouts/application (1.9ms)
Completed 200 OK in 166ms (Views: 157.2ms | ActiveRecord: 0.2ms)


Started GET "/assets/bears.self-e3b0c44298fc1c149afbf4c8996fb92427ae41e4649b934ca495991b7852b855.css?body=1" for ::1 at 2016-02-01 09:34:03 -0700


Started GET "/assets/turbolinks.self-c37727e9bd6b2735da5c311aa83fead54ed0be6cc8bd9a65309e9c5abe2cbfff.js?body=1" for ::1 at 2016-02-01 09:34:03 -0700


Started GET "/assets/application.self-e80e8f2318043e8af94dddc2adad5a4f09739a8ebb323b3ab31cd71d45fd9113.css?body=1" for ::1 at 2016-02-01 09:34:03 -0700


Started GET "/assets/jquery.self-c64a74367bda6ef8b860f19e74df08927ca99d2be2ac934e9e92d5fd361e0da4.js?body=1" for ::1 at 2016-02-01 09:34:03 -0700


Started GET "/assets/jquery_ujs.self-d602bdfe68ffc63b9f9cc512872aa3cfff046228a0a36e90dd476e8ef54c1b09.js?body=1" for ::1 at 2016-02-01 09:34:03 -0700


Started GET "/assets/bears.self-877aef30ae1b040ab8a3aba4e3e309a11d7f2612f44dde450b5c157aa5f95c05.js?body=1" for ::1 at 2016-02-01 09:34:03 -0700


Started GET "/assets/application.self-3b8dabdc891efe46b9a144b400ad69e37d7e5876bdc39dee783419a69d7ca819.js?body=1" for ::1 at 2016-02-01 09:34:03 -0700


Started GET "/" for ::1 at 2016-02-01 09:35:16 -0700
Processing by BearsController#index as HTML
  [1m[36mBear Load (0.1ms)[0m  [1mSELECT "bears".* FROM "bears"[0m
  Rendered bears/index.html.erb within layouts/application (1.0ms)
Completed 200 OK in 17ms (Views: 16.3ms | ActiveRecord: 0.1ms)


Started GET "/assets/bears.self-e3b0c44298fc1c149afbf4c8996fb92427ae41e4649b934ca495991b7852b855.css?body=1" for ::1 at 2016-02-01 09:35:16 -0700


Started GET "/assets/jquery_ujs.self-d602bdfe68ffc63b9f9cc512872aa3cfff046228a0a36e90dd476e8ef54c1b09.js?body=1" for ::1 at 2016-02-01 09:35:16 -0700


Started GET "/assets/bears.self-877aef30ae1b040ab8a3aba4e3e309a11d7f2612f44dde450b5c157aa5f95c05.js?body=1" for ::1 at 2016-02-01 09:35:16 -0700


Started GET "/assets/application.self-e80e8f2318043e8af94dddc2adad5a4f09739a8ebb323b3ab31cd71d45fd9113.css?body=1" for ::1 at 2016-02-01 09:35:16 -0700


Started GET "/assets/turbolinks.self-c37727e9bd6b2735da5c311aa83fead54ed0be6cc8bd9a65309e9c5abe2cbfff.js?body=1" for ::1 at 2016-02-01 09:35:16 -0700


Started GET "/assets/jquery.self-c64a74367bda6ef8b860f19e74df08927ca99d2be2ac934e9e92d5fd361e0da4.js?body=1" for ::1 at 2016-02-01 09:35:16 -0700


Started GET "/assets/application.self-3b8dabdc891efe46b9a144b400ad69e37d7e5876bdc39dee783419a69d7ca819.js?body=1" for ::1 at 2016-02-01 09:35:16 -0700


Started GET "/bears/new" for ::1 at 2016-02-01 09:35:17 -0700
Processing by BearsController#new as HTML
  Rendered bears/_form.html.erb (20.6ms)
  Rendered bears/new.html.erb within layouts/application (25.6ms)
Completed 200 OK in 43ms (Views: 38.2ms | ActiveRecord: 0.2ms)


Started POST "/bears" for ::1 at 2016-02-01 09:35:21 -0700
Processing by BearsController#create as HTML
  Parameters: {"utf8"=>"✓", "authenticity_token"=>"GRIlOy6pdtDAX3zo6h0T8V1+WOOtXcVyxto4WWSzbNk76gyHvrk4ZmI/NvwD992hfNe4caZHFDZZBZJoYrUKYA==", "bear"=>{"name"=>"Test", "description"=>"bear"}, "commit"=>"Create Bear"}
  [1m[35m (0.1ms)[0m  begin transaction
  [1m[36mSQL (0.4ms)[0m  [1mINSERT INTO "bears" ("created_at", "updated_at") VALUES (?, ?)[0m  [["created_at", "2016-02-01 16:35:21.480655"], ["updated_at", "2016-02-01 16:35:21.480655"]]
  [1m[35m (0.5ms)[0m  commit transaction
Redirected to http://localhost:3000/bears/3
Completed 302 Found in 5ms (ActiveRecord: 1.0ms)


Started GET "/bears/3" for ::1 at 2016-02-01 09:35:21 -0700
Processing by BearsController#show as HTML
  Parameters: {"id"=>"3"}
  [1m[36mBear Load (0.2ms)[0m  [1mSELECT  "bears".* FROM "bears" WHERE "bears"."id" = ? LIMIT 1[0m  [["id", 3]]
  Rendered bears/show.html.erb within layouts/application (0.3ms)
Completed 200 OK in 19ms (Views: 12.4ms | ActiveRecord: 0.2ms)


Started GET "/bears/3" for ::1 at 2016-02-01 09:35:43 -0700
Processing by BearsController#show as HTML
  Parameters: {"id"=>"3"}
  [1m[35mBear Load (0.1ms)[0m  SELECT  "bears".* FROM "bears" WHERE "bears"."id" = ? LIMIT 1  [["id", 3]]
  Rendered bears/show.html.erb within layouts/application (0.4ms)
Completed 200 OK in 13ms (Views: 11.8ms | ActiveRecord: 0.1ms)


Started GET "/assets/bears.self-e3b0c44298fc1c149afbf4c8996fb92427ae41e4649b934ca495991b7852b855.css?body=1" for ::1 at 2016-02-01 09:35:43 -0700


Started GET "/assets/bears.self-877aef30ae1b040ab8a3aba4e3e309a11d7f2612f44dde450b5c157aa5f95c05.js?body=1" for ::1 at 2016-02-01 09:35:43 -0700


Started GET "/assets/jquery.self-c64a74367bda6ef8b860f19e74df08927ca99d2be2ac934e9e92d5fd361e0da4.js?body=1" for ::1 at 2016-02-01 09:35:43 -0700


Started GET "/assets/application.self-e80e8f2318043e8af94dddc2adad5a4f09739a8ebb323b3ab31cd71d45fd9113.css?body=1" for ::1 at 2016-02-01 09:35:43 -0700


Started GET "/assets/jquery_ujs.self-d602bdfe68ffc63b9f9cc512872aa3cfff046228a0a36e90dd476e8ef54c1b09.js?body=1" for ::1 at 2016-02-01 09:35:43 -0700


Started GET "/assets/turbolinks.self-c37727e9bd6b2735da5c311aa83fead54ed0be6cc8bd9a65309e9c5abe2cbfff.js?body=1" for ::1 at 2016-02-01 09:35:43 -0700


Started GET "/assets/application.self-3b8dabdc891efe46b9a144b400ad69e37d7e5876bdc39dee783419a69d7ca819.js?body=1" for ::1 at 2016-02-01 09:35:43 -0700
  [1m[36mBear Load (1.0ms)[0m  [1mSELECT "bears".* FROM "bears"[0m


Started GET "/" for ::1 at 2016-02-01 09:37:05 -0700
  [1m[36mActiveRecord::SchemaMigration Load (0.1ms)[0m  [1mSELECT "schema_migrations".* FROM "schema_migrations"[0m
Processing by BearsController#index as HTML
  [1m[35mBear Load (0.1ms)[0m  SELECT "bears".* FROM "bears"
  Rendered bears/index.html.erb within layouts/application (4.3ms)
Completed 200 OK in 171ms (Views: 162.3ms | ActiveRecord: 0.3ms)


Started GET "/bears/new" for ::1 at 2016-02-01 09:37:06 -0700
Processing by BearsController#new as HTML
  Rendered bears/_form.html.erb (16.1ms)
  Rendered bears/new.html.erb within layouts/application (26.2ms)
Completed 200 OK in 43ms (Views: 41.8ms | ActiveRecord: 0.0ms)


Started POST "/bears" for ::1 at 2016-02-01 09:37:09 -0700
Processing by BearsController#create as HTML
  Parameters: {"utf8"=>"✓", "authenticity_token"=>"T2SwXDMCPwivGe7E+SeVFHf9sXxp6JdU66r8hrT7Z+ttnJngoxJxvg15pNAQzVtEVlRR7mLyRhB0dVa3sv0BUg==", "bear"=>{"name"=>"test", "description"=>"bear"}, "commit"=>"Create Bear"}
  [1m[36m (0.1ms)[0m  [1mbegin transaction[0m
  [1m[35mSQL (0.5ms)[0m  INSERT INTO "bears" ("name", "description", "created_at", "updated_at") VALUES (?, ?, ?, ?)  [["name", "test"], ["description", "bear"], ["created_at", "2016-02-01 16:37:09.029186"], ["updated_at", "2016-02-01 16:37:09.029186"]]
  [1m[36m (0.5ms)[0m  [1mcommit transaction[0m
Redirected to http://localhost:3000/bears/4
Completed 302 Found in 7ms (ActiveRecord: 1.1ms)


Started GET "/bears/4" for ::1 at 2016-02-01 09:37:09 -0700
Processing by BearsController#show as HTML
  Parameters: {"id"=>"4"}
  [1m[35mBear Load (0.3ms)[0m  SELECT  "bears".* FROM "bears" WHERE "bears"."id" = ? LIMIT 1  [["id", 4]]
  Rendered bears/show.html.erb within layouts/application (0.3ms)
Completed 200 OK in 29ms (Views: 20.6ms | ActiveRecord: 0.3ms)


Started GET "/index" for ::1 at 2016-02-01 09:37:14 -0700

ActionController::RoutingError (No route matches [GET] "/index"):
  actionpack (4.2.5.1) lib/action_dispatch/middleware/debug_exceptions.rb:21:in `call'
  web-console (2.3.0) lib/web_console/middleware.rb:28:in `block in call'
  web-console (2.3.0) lib/web_console/middleware.rb:18:in `catch'
  web-console (2.3.0) lib/web_console/middleware.rb:18:in `call'
  actionpack (4.2.5.1) lib/action_dispatch/middleware/show_exceptions.rb:30:in `call'
  railties (4.2.5.1) lib/rails/rack/logger.rb:38:in `call_app'
  railties (4.2.5.1) lib/rails/rack/logger.rb:20:in `block in call'
  activesupport (4.2.5.1) lib/active_support/tagged_logging.rb:68:in `block in tagged'
  activesupport (4.2.5.1) lib/active_support/tagged_logging.rb:26:in `tagged'
  activesupport (4.2.5.1) lib/active_support/tagged_logging.rb:68:in `tagged'
  railties (4.2.5.1) lib/rails/rack/logger.rb:20:in `call'
  actionpack (4.2.5.1) lib/action_dispatch/middleware/request_id.rb:21:in `call'
  rack (1.6.4) lib/rack/methodoverride.rb:22:in `call'
  rack (1.6.4) lib/rack/runtime.rb:18:in `call'
  activesupport (4.2.5.1) lib/active_support/cache/strategy/local_cache_middleware.rb:28:in `call'
  rack (1.6.4) lib/rack/lock.rb:17:in `call'
  actionpack (4.2.5.1) lib/action_dispatch/middleware/static.rb:116:in `call'
  rack (1.6.4) lib/rack/sendfile.rb:113:in `call'
  railties (4.2.5.1) lib/rails/engine.rb:518:in `call'
  railties (4.2.5.1) lib/rails/application.rb:165:in `call'
  rack (1.6.4) lib/rack/lock.rb:17:in `call'
  rack (1.6.4) lib/rack/content_length.rb:15:in `call'
  rack (1.6.4) lib/rack/handler/webrick.rb:88:in `service'
  /Users/jgisin/.rvm/rubies/ruby-2.2.1/lib/ruby/2.2.0/webrick/httpserver.rb:138:in `service'
  /Users/jgisin/.rvm/rubies/ruby-2.2.1/lib/ruby/2.2.0/webrick/httpserver.rb:94:in `run'
  /Users/jgisin/.rvm/rubies/ruby-2.2.1/lib/ruby/2.2.0/webrick/server.rb:294:in `block in start_thread'


  Rendered /Users/jgisin/.rvm/gems/ruby-2.2.1/gems/actionpack-4.2.5.1/lib/action_dispatch/middleware/templates/rescues/_trace.html.erb (2.9ms)
  Rendered /Users/jgisin/.rvm/gems/ruby-2.2.1/gems/actionpack-4.2.5.1/lib/action_dispatch/middleware/templates/routes/_route.html.erb (1.9ms)
  Rendered /Users/jgisin/.rvm/gems/ruby-2.2.1/gems/actionpack-4.2.5.1/lib/action_dispatch/middleware/templates/routes/_table.html.erb (3.2ms)
  Rendered /Users/jgisin/.rvm/gems/ruby-2.2.1/gems/actionpack-4.2.5.1/lib/action_dispatch/middleware/templates/rescues/_request_and_response.html.erb (1.8ms)
  Rendered /Users/jgisin/.rvm/gems/ruby-2.2.1/gems/actionpack-4.2.5.1/lib/action_dispatch/middleware/templates/rescues/routing_error.html.erb within rescues/layout (75.7ms)
  Rendered /Users/jgisin/.rvm/gems/ruby-2.2.1/gems/web-console-2.3.0/lib/web_console/templates/_markup.html.erb (0.8ms)
  Rendered /Users/jgisin/.rvm/gems/ruby-2.2.1/gems/web-console-2.3.0/lib/web_console/templates/_inner_console_markup.html.erb within layouts/inlined_string (0.8ms)
  Rendered /Users/jgisin/.rvm/gems/ruby-2.2.1/gems/web-console-2.3.0/lib/web_console/templates/_prompt_box_markup.html.erb within layouts/inlined_string (0.6ms)
  Rendered /Users/jgisin/.rvm/gems/ruby-2.2.1/gems/web-console-2.3.0/lib/web_console/templates/style.css.erb within layouts/inlined_string (0.2ms)
  Rendered /Users/jgisin/.rvm/gems/ruby-2.2.1/gems/web-console-2.3.0/lib/web_console/templates/console.js.erb within layouts/javascript (43.2ms)
  Rendered /Users/jgisin/.rvm/gems/ruby-2.2.1/gems/web-console-2.3.0/lib/web_console/templates/main.js.erb within layouts/javascript (0.4ms)
  Rendered /Users/jgisin/.rvm/gems/ruby-2.2.1/gems/web-console-2.3.0/lib/web_console/templates/error_page.js.erb within layouts/javascript (0.4ms)
  Rendered /Users/jgisin/.rvm/gems/ruby-2.2.1/gems/web-console-2.3.0/lib/web_console/templates/index.html.erb (97.8ms)


Started GET "/" for ::1 at 2016-02-01 09:37:17 -0700
Processing by BearsController#index as HTML
  [1m[36mBear Load (0.1ms)[0m  [1mSELECT "bears".* FROM "bears"[0m
  Rendered bears/index.html.erb within layouts/application (1.3ms)
Completed 200 OK in 19ms (Views: 17.9ms | ActiveRecord: 0.1ms)


Started GET "/bears/4" for ::1 at 2016-02-01 09:37:19 -0700
Processing by BearsController#show as HTML
  Parameters: {"id"=>"4"}
  [1m[35mBear Load (0.2ms)[0m  SELECT  "bears".* FROM "bears" WHERE "bears"."id" = ? LIMIT 1  [["id", 4]]
  Rendered bears/show.html.erb within layouts/application (0.5ms)
Completed 200 OK in 15ms (Views: 13.6ms | ActiveRecord: 0.2ms)
  [1m[36m (1.1ms)[0m  [1mCREATE TABLE "bears" ("id" INTEGER PRIMARY KEY AUTOINCREMENT NOT NULL, "name" varchar, "description" varchar, "created_at" datetime NOT NULL, "updated_at" datetime NOT NULL) [0m
  [1m[35m (0.6ms)[0m  CREATE TABLE "schema_migrations" ("version" varchar NOT NULL) 
  [1m[36m (0.1ms)[0m  [1mselect sqlite_version(*)[0m
  [1m[35m (0.5ms)[0m  CREATE UNIQUE INDEX "unique_schema_migrations" ON "schema_migrations" ("version")
  [1m[36m (0.1ms)[0m  [1mSELECT version FROM "schema_migrations"[0m
  [1m[35m (1.3ms)[0m  INSERT INTO "schema_migrations" (version) VALUES ('20160201161657')
  [1m[36m (0.6ms)[0m  [1mCREATE TABLE "bears" ("id" INTEGER PRIMARY KEY AUTOINCREMENT NOT NULL, "name" varchar, "description" varchar, "created_at" datetime NOT NULL, "updated_at" datetime NOT NULL) [0m
  [1m[35m (0.5ms)[0m  CREATE TABLE "schema_migrations" ("version" varchar NOT NULL) 
  [1m[36m (0.0ms)[0m  [1mselect sqlite_version(*)[0m
  [1m[35m (0.6ms)[0m  CREATE UNIQUE INDEX "unique_schema_migrations" ON "schema_migrations" ("version")
  [1m[36m (0.1ms)[0m  [1mSELECT version FROM "schema_migrations"[0m
  [1m[35m (0.7ms)[0m  INSERT INTO "schema_migrations" (version) VALUES ('20160201161657')
  [1m[36mActiveRecord::SchemaMigration Load (0.1ms)[0m  [1mSELECT "schema_migrations".* FROM "schema_migrations"[0m


Started GET "/" for ::1 at 2016-02-01 09:37:55 -0700
  [1m[36mActiveRecord::SchemaMigration Load (0.1ms)[0m  [1mSELECT "schema_migrations".* FROM "schema_migrations"[0m
Processing by BearsController#index as HTML
  [1m[35mBear Load (0.1ms)[0m  SELECT "bears".* FROM "bears"
  Rendered bears/index.html.erb within layouts/application (2.1ms)
Completed 200 OK in 183ms (Views: 174.2ms | ActiveRecord: 0.2ms)


Started GET "/assets/jquery_ujs.self-d602bdfe68ffc63b9f9cc512872aa3cfff046228a0a36e90dd476e8ef54c1b09.js?body=1" for ::1 at 2016-02-01 09:37:55 -0700


Started GET "/assets/bears.self-e3b0c44298fc1c149afbf4c8996fb92427ae41e4649b934ca495991b7852b855.css?body=1" for ::1 at 2016-02-01 09:37:55 -0700


Started GET "/assets/application.self-e80e8f2318043e8af94dddc2adad5a4f09739a8ebb323b3ab31cd71d45fd9113.css?body=1" for ::1 at 2016-02-01 09:37:55 -0700


Started GET "/assets/jquery.self-c64a74367bda6ef8b860f19e74df08927ca99d2be2ac934e9e92d5fd361e0da4.js?body=1" for ::1 at 2016-02-01 09:37:55 -0700


Started GET "/assets/bears.self-877aef30ae1b040ab8a3aba4e3e309a11d7f2612f44dde450b5c157aa5f95c05.js?body=1" for ::1 at 2016-02-01 09:37:55 -0700


Started GET "/assets/turbolinks.self-c37727e9bd6b2735da5c311aa83fead54ed0be6cc8bd9a65309e9c5abe2cbfff.js?body=1" for ::1 at 2016-02-01 09:37:55 -0700


Started GET "/assets/application.self-3b8dabdc891efe46b9a144b400ad69e37d7e5876bdc39dee783419a69d7ca819.js?body=1" for ::1 at 2016-02-01 09:37:55 -0700


Started GET "/bears/new" for ::1 at 2016-02-01 09:38:10 -0700
Processing by BearsController#new as HTML
  Rendered bears/_form.html.erb (17.8ms)
  Rendered bears/new.html.erb within layouts/application (21.4ms)
Completed 200 OK in 44ms (Views: 38.8ms | ActiveRecord: 0.3ms)


Started POST "/bears" for ::1 at 2016-02-01 09:38:14 -0700
Processing by BearsController#create as HTML
  Parameters: {"utf8"=>"✓", "authenticity_token"=>"qx3AD/5P/cPitMSBjh4sR3FTAOugxRwi9YAI9n3UMP6J5emzbl+zdUDUjpVn9OIXUPrgeavfzWZqX6LHe9JWRw==", "bear"=>{"name"=>"Test", "description"=>"bear"}, "commit"=>"Create Bear"}
  [1m[36m (0.1ms)[0m  [1mbegin transaction[0m
  [1m[35mSQL (0.4ms)[0m  INSERT INTO "bears" ("name", "description", "created_at", "updated_at") VALUES (?, ?, ?, ?)  [["name", "Test"], ["description", "bear"], ["created_at", "2016-02-01 16:38:14.022900"], ["updated_at", "2016-02-01 16:38:14.022900"]]
  [1m[36m (0.5ms)[0m  [1mcommit transaction[0m
Redirected to http://localhost:3000/bears/1
Completed 302 Found in 6ms (ActiveRecord: 0.9ms)


Started GET "/bears/1" for ::1 at 2016-02-01 09:38:14 -0700
Processing by BearsController#show as HTML
  Parameters: {"id"=>"1"}
  [1m[35mBear Load (0.2ms)[0m  SELECT  "bears".* FROM "bears" WHERE "bears"."id" = ? LIMIT 1  [["id", 1]]
  Rendered bears/show.html.erb within layouts/application (0.3ms)
Completed 200 OK in 27ms (Views: 19.0ms | ActiveRecord: 0.2ms)
  [1m[36mBear Load (0.1ms)[0m  [1mSELECT  "bears".* FROM "bears" WHERE "bears"."id" = ? LIMIT 1[0m  [["id", 1]]


Started GET "/bears/1" for ::1 at 2016-02-01 09:40:49 -0700
Processing by BearsController#show as HTML
  Parameters: {"id"=>"1"}
  [1m[36mBear Load (0.4ms)[0m  [1mSELECT  "bears".* FROM "bears" WHERE "bears"."id" = ? LIMIT 1[0m  [["id", 1]]
  Rendered bears/show.html.erb within layouts/application (0.8ms)
Completed 200 OK in 15ms (Views: 13.3ms | ActiveRecord: 0.4ms)


Started GET "/assets/bears.self-e3b0c44298fc1c149afbf4c8996fb92427ae41e4649b934ca495991b7852b855.css?body=1" for ::1 at 2016-02-01 09:40:49 -0700


Started GET "/assets/jquery_ujs.self-d602bdfe68ffc63b9f9cc512872aa3cfff046228a0a36e90dd476e8ef54c1b09.js?body=1" for ::1 at 2016-02-01 09:40:49 -0700


Started GET "/assets/application.self-e80e8f2318043e8af94dddc2adad5a4f09739a8ebb323b3ab31cd71d45fd9113.css?body=1" for ::1 at 2016-02-01 09:40:49 -0700


Started GET "/assets/bears.self-877aef30ae1b040ab8a3aba4e3e309a11d7f2612f44dde450b5c157aa5f95c05.js?body=1" for ::1 at 2016-02-01 09:40:49 -0700


Started GET "/assets/jquery.self-c64a74367bda6ef8b860f19e74df08927ca99d2be2ac934e9e92d5fd361e0da4.js?body=1" for ::1 at 2016-02-01 09:40:49 -0700


Started GET "/assets/turbolinks.self-c37727e9bd6b2735da5c311aa83fead54ed0be6cc8bd9a65309e9c5abe2cbfff.js?body=1" for ::1 at 2016-02-01 09:40:49 -0700


Started GET "/assets/application.self-3b8dabdc891efe46b9a144b400ad69e37d7e5876bdc39dee783419a69d7ca819.js?body=1" for ::1 at 2016-02-01 09:40:49 -0700


Started GET "/bears" for ::1 at 2016-02-01 09:40:51 -0700
Processing by BearsController#index as HTML
  [1m[35mBear Load (0.1ms)[0m  SELECT "bears".* FROM "bears"
  Rendered bears/index.html.erb within layouts/application (1.2ms)
Completed 200 OK in 16ms (Views: 15.1ms | ActiveRecord: 0.1ms)


Started GET "/bears" for ::1 at 2016-02-01 09:41:12 -0700
Processing by BearsController#index as HTML
  [1m[36mBear Load (0.1ms)[0m  [1mSELECT "bears".* FROM "bears"[0m
  Rendered bears/index.html.erb within layouts/application (1.4ms)
Completed 200 OK in 17ms (Views: 16.2ms | ActiveRecord: 0.1ms)


Started GET "/assets/jquery_ujs.self-d602bdfe68ffc63b9f9cc512872aa3cfff046228a0a36e90dd476e8ef54c1b09.js?body=1" for ::1 at 2016-02-01 09:41:12 -0700


Started GET "/assets/turbolinks.self-c37727e9bd6b2735da5c311aa83fead54ed0be6cc8bd9a65309e9c5abe2cbfff.js?body=1" for ::1 at 2016-02-01 09:41:12 -0700


Started GET "/assets/application.self-e80e8f2318043e8af94dddc2adad5a4f09739a8ebb323b3ab31cd71d45fd9113.css?body=1" for ::1 at 2016-02-01 09:41:12 -0700


Started GET "/assets/bears.self-e3b0c44298fc1c149afbf4c8996fb92427ae41e4649b934ca495991b7852b855.css?body=1" for ::1 at 2016-02-01 09:41:12 -0700


Started GET "/assets/bears.self-877aef30ae1b040ab8a3aba4e3e309a11d7f2612f44dde450b5c157aa5f95c05.js?body=1" for ::1 at 2016-02-01 09:41:12 -0700


Started GET "/assets/jquery.self-c64a74367bda6ef8b860f19e74df08927ca99d2be2ac934e9e92d5fd361e0da4.js?body=1" for ::1 at 2016-02-01 09:41:12 -0700


Started GET "/assets/application.self-3b8dabdc891efe46b9a144b400ad69e37d7e5876bdc39dee783419a69d7ca819.js?body=1" for ::1 at 2016-02-01 09:41:12 -0700


Started GET "/bears" for ::1 at 2016-02-01 09:42:57 -0700
Processing by BearsController#index as HTML
  [1m[35mBear Load (0.3ms)[0m  SELECT "bears".* FROM "bears"
  Rendered bears/index.html.erb within layouts/application (5.0ms)
Completed 500 Internal Server Error in 8ms (ActiveRecord: 0.3ms)

ActionView::Template::Error (No route matches {:action=>"show", :controller=>"bears"} missing required keys: [:id]):
    2: <% @bears.each do |bear| %>
    3: 
    4:   <p><%= bear.id %>:<a href="<%= bear_url(bear) %>"><%= bear.name %> : <%= bear.description %></p>
    5:     <%= link_to "Edit Bear", edit_bear_path(bear) %> | <%= link_to "Delete Bear", bear_path, method: :delete %>
    6: 
    7: <% end %>
  app/views/bears/index.html.erb:5:in `block in _app_views_bears_index_html_erb__3960856376350180405_70258575049420'
  app/views/bears/index.html.erb:2:in `_app_views_bears_index_html_erb__3960856376350180405_70258575049420'


  Rendered /Users/jgisin/.rvm/gems/ruby-2.2.1/gems/actionpack-4.2.5.1/lib/action_dispatch/middleware/templates/rescues/_source.erb (5.2ms)
  Rendered /Users/jgisin/.rvm/gems/ruby-2.2.1/gems/actionpack-4.2.5.1/lib/action_dispatch/middleware/templates/rescues/_trace.html.erb (2.1ms)
  Rendered /Users/jgisin/.rvm/gems/ruby-2.2.1/gems/actionpack-4.2.5.1/lib/action_dispatch/middleware/templates/rescues/_request_and_response.html.erb (0.7ms)
  Rendered /Users/jgisin/.rvm/gems/ruby-2.2.1/gems/actionpack-4.2.5.1/lib/action_dispatch/middleware/templates/rescues/template_error.html.erb within rescues/layout (47.4ms)
  Rendered /Users/jgisin/.rvm/gems/ruby-2.2.1/gems/web-console-2.3.0/lib/web_console/templates/_markup.html.erb (0.2ms)
  Rendered /Users/jgisin/.rvm/gems/ruby-2.2.1/gems/web-console-2.3.0/lib/web_console/templates/_inner_console_markup.html.erb within layouts/inlined_string (0.2ms)
  Rendered /Users/jgisin/.rvm/gems/ruby-2.2.1/gems/web-console-2.3.0/lib/web_console/templates/_prompt_box_markup.html.erb within layouts/inlined_string (0.2ms)
  Rendered /Users/jgisin/.rvm/gems/ruby-2.2.1/gems/web-console-2.3.0/lib/web_console/templates/style.css.erb within layouts/inlined_string (0.2ms)
  Rendered /Users/jgisin/.rvm/gems/ruby-2.2.1/gems/web-console-2.3.0/lib/web_console/templates/console.js.erb within layouts/javascript (35.6ms)
  Rendered /Users/jgisin/.rvm/gems/ruby-2.2.1/gems/web-console-2.3.0/lib/web_console/templates/main.js.erb within layouts/javascript (0.2ms)
  Rendered /Users/jgisin/.rvm/gems/ruby-2.2.1/gems/web-console-2.3.0/lib/web_console/templates/error_page.js.erb within layouts/javascript (0.3ms)
  Rendered /Users/jgisin/.rvm/gems/ruby-2.2.1/gems/web-console-2.3.0/lib/web_console/templates/index.html.erb (78.8ms)


Started GET "/bears" for ::1 at 2016-02-01 09:43:11 -0700
Processing by BearsController#index as HTML
  [1m[36mBear Load (0.2ms)[0m  [1mSELECT "bears".* FROM "bears"[0m
  Rendered bears/index.html.erb within layouts/application (1.4ms)
Completed 200 OK in 13ms (Views: 12.2ms | ActiveRecord: 0.2ms)


Started GET "/assets/jquery.self-c64a74367bda6ef8b860f19e74df08927ca99d2be2ac934e9e92d5fd361e0da4.js?body=1" for ::1 at 2016-02-01 09:43:11 -0700


Started GET "/assets/application.self-e80e8f2318043e8af94dddc2adad5a4f09739a8ebb323b3ab31cd71d45fd9113.css?body=1" for ::1 at 2016-02-01 09:43:11 -0700


Started GET "/assets/bears.self-e3b0c44298fc1c149afbf4c8996fb92427ae41e4649b934ca495991b7852b855.css?body=1" for ::1 at 2016-02-01 09:43:11 -0700


Started GET "/assets/jquery_ujs.self-d602bdfe68ffc63b9f9cc512872aa3cfff046228a0a36e90dd476e8ef54c1b09.js?body=1" for ::1 at 2016-02-01 09:43:11 -0700


Started GET "/assets/turbolinks.self-c37727e9bd6b2735da5c311aa83fead54ed0be6cc8bd9a65309e9c5abe2cbfff.js?body=1" for ::1 at 2016-02-01 09:43:11 -0700


Started GET "/assets/bears.self-877aef30ae1b040ab8a3aba4e3e309a11d7f2612f44dde450b5c157aa5f95c05.js?body=1" for ::1 at 2016-02-01 09:43:11 -0700


Started GET "/assets/application.self-3b8dabdc891efe46b9a144b400ad69e37d7e5876bdc39dee783419a69d7ca819.js?body=1" for ::1 at 2016-02-01 09:43:11 -0700


Started DELETE "/bears/1" for ::1 at 2016-02-01 09:43:14 -0700
Processing by BearsController#destroy as HTML
  Parameters: {"authenticity_token"=>"/6KHP6PRiAApEi7OCLAMOmisy7Kgg5K0J22c0YyiW9XdWq6DM8HGtotyZNrhWsJqSQUrIKuZQ/C4sjbgiqQ9bA==", "id"=>"1"}
  [1m[35mBear Load (0.1ms)[0m  SELECT  "bears".* FROM "bears" WHERE "bears"."id" = ? LIMIT 1  [["id", 1]]
  [1m[36m (0.1ms)[0m  [1mbegin transaction[0m
  [1m[35mSQL (0.4ms)[0m  DELETE FROM "bears" WHERE "bears"."id" = ?  [["id", 1]]
  [1m[36m (2.2ms)[0m  [1mcommit transaction[0m
Completed 500 Internal Server Error in 9ms (ActiveRecord: 2.7ms)

NoMethodError (undefined method `redirect' for #<BearsController:0x007fccb7f83168>):
  app/controllers/bears_controller.rb:43:in `destroy'


  Rendered /Users/jgisin/.rvm/gems/ruby-2.2.1/gems/actionpack-4.2.5.1/lib/action_dispatch/middleware/templates/rescues/_source.erb (5.0ms)
  Rendered /Users/jgisin/.rvm/gems/ruby-2.2.1/gems/actionpack-4.2.5.1/lib/action_dispatch/middleware/templates/rescues/_trace.html.erb (2.7ms)
  Rendered /Users/jgisin/.rvm/gems/ruby-2.2.1/gems/actionpack-4.2.5.1/lib/action_dispatch/middleware/templates/rescues/_request_and_response.html.erb (1.3ms)
  Rendered /Users/jgisin/.rvm/gems/ruby-2.2.1/gems/actionpack-4.2.5.1/lib/action_dispatch/middleware/templates/rescues/diagnostics.html.erb within rescues/layout (54.2ms)
  Rendered /Users/jgisin/.rvm/gems/ruby-2.2.1/gems/web-console-2.3.0/lib/web_console/templates/_markup.html.erb (0.3ms)
  Rendered /Users/jgisin/.rvm/gems/ruby-2.2.1/gems/web-console-2.3.0/lib/web_console/templates/_inner_console_markup.html.erb within layouts/inlined_string (0.4ms)
  Rendered /Users/jgisin/.rvm/gems/ruby-2.2.1/gems/web-console-2.3.0/lib/web_console/templates/_prompt_box_markup.html.erb within layouts/inlined_string (0.3ms)
  Rendered /Users/jgisin/.rvm/gems/ruby-2.2.1/gems/web-console-2.3.0/lib/web_console/templates/style.css.erb within layouts/inlined_string (0.3ms)
  Rendered /Users/jgisin/.rvm/gems/ruby-2.2.1/gems/web-console-2.3.0/lib/web_console/templates/console.js.erb within layouts/javascript (41.1ms)
  Rendered /Users/jgisin/.rvm/gems/ruby-2.2.1/gems/web-console-2.3.0/lib/web_console/templates/main.js.erb within layouts/javascript (0.2ms)
  Rendered /Users/jgisin/.rvm/gems/ruby-2.2.1/gems/web-console-2.3.0/lib/web_console/templates/error_page.js.erb within layouts/javascript (0.3ms)
  Rendered /Users/jgisin/.rvm/gems/ruby-2.2.1/gems/web-console-2.3.0/lib/web_console/templates/index.html.erb (89.1ms)


Started DELETE "/bears/1" for ::1 at 2016-02-01 09:44:02 -0700
Processing by BearsController#destroy as HTML
  Parameters: {"authenticity_token"=>"/6KHP6PRiAApEi7OCLAMOmisy7Kgg5K0J22c0YyiW9XdWq6DM8HGtotyZNrhWsJqSQUrIKuZQ/C4sjbgiqQ9bA==", "id"=>"1"}
  [1m[35mBear Load (0.1ms)[0m  SELECT  "bears".* FROM "bears" WHERE "bears"."id" = ? LIMIT 1  [["id", 1]]
Completed 404 Not Found in 3ms (ActiveRecord: 0.4ms)

ActiveRecord::RecordNotFound (Couldn't find Bear with 'id'=1):
  app/controllers/bears_controller.rb:40:in `destroy'


  Rendered /Users/jgisin/.rvm/gems/ruby-2.2.1/gems/actionpack-4.2.5.1/lib/action_dispatch/middleware/templates/rescues/_source.erb (4.5ms)
  Rendered /Users/jgisin/.rvm/gems/ruby-2.2.1/gems/actionpack-4.2.5.1/lib/action_dispatch/middleware/templates/rescues/_trace.html.erb (2.4ms)
  Rendered /Users/jgisin/.rvm/gems/ruby-2.2.1/gems/actionpack-4.2.5.1/lib/action_dispatch/middleware/templates/rescues/_request_and_response.html.erb (1.0ms)
  Rendered /Users/jgisin/.rvm/gems/ruby-2.2.1/gems/actionpack-4.2.5.1/lib/action_dispatch/middleware/templates/rescues/diagnostics.html.erb within rescues/layout (47.6ms)
  Rendered /Users/jgisin/.rvm/gems/ruby-2.2.1/gems/web-console-2.3.0/lib/web_console/templates/_markup.html.erb (0.4ms)
  Rendered /Users/jgisin/.rvm/gems/ruby-2.2.1/gems/web-console-2.3.0/lib/web_console/templates/_inner_console_markup.html.erb within layouts/inlined_string (0.3ms)
  Rendered /Users/jgisin/.rvm/gems/ruby-2.2.1/gems/web-console-2.3.0/lib/web_console/templates/_prompt_box_markup.html.erb within layouts/inlined_string (0.3ms)
  Rendered /Users/jgisin/.rvm/gems/ruby-2.2.1/gems/web-console-2.3.0/lib/web_console/templates/style.css.erb within layouts/inlined_string (0.2ms)
  Rendered /Users/jgisin/.rvm/gems/ruby-2.2.1/gems/web-console-2.3.0/lib/web_console/templates/console.js.erb within layouts/javascript (40.6ms)
  Rendered /Users/jgisin/.rvm/gems/ruby-2.2.1/gems/web-console-2.3.0/lib/web_console/templates/main.js.erb within layouts/javascript (0.3ms)
  Rendered /Users/jgisin/.rvm/gems/ruby-2.2.1/gems/web-console-2.3.0/lib/web_console/templates/error_page.js.erb within layouts/javascript (0.3ms)
  Rendered /Users/jgisin/.rvm/gems/ruby-2.2.1/gems/web-console-2.3.0/lib/web_console/templates/index.html.erb (85.8ms)


Started GET "/" for ::1 at 2016-02-01 09:44:19 -0700
Processing by BearsController#index as HTML
  [1m[36mBear Load (0.1ms)[0m  [1mSELECT "bears".* FROM "bears"[0m
  Rendered bears/index.html.erb within layouts/application (0.6ms)
Completed 200 OK in 14ms (Views: 13.2ms | ActiveRecord: 0.1ms)


Started GET "/" for ::1 at 2016-02-01 09:44:22 -0700
Processing by BearsController#index as HTML
  [1m[35mBear Load (0.1ms)[0m  SELECT "bears".* FROM "bears"
  Rendered bears/index.html.erb within layouts/application (0.5ms)
Completed 200 OK in 11ms (Views: 10.4ms | ActiveRecord: 0.1ms)


Started GET "/assets/bears.self-e3b0c44298fc1c149afbf4c8996fb92427ae41e4649b934ca495991b7852b855.css?body=1" for ::1 at 2016-02-01 09:44:22 -0700


Started GET "/assets/application.self-e80e8f2318043e8af94dddc2adad5a4f09739a8ebb323b3ab31cd71d45fd9113.css?body=1" for ::1 at 2016-02-01 09:44:22 -0700


Started GET "/assets/bears.self-877aef30ae1b040ab8a3aba4e3e309a11d7f2612f44dde450b5c157aa5f95c05.js?body=1" for ::1 at 2016-02-01 09:44:22 -0700


Started GET "/assets/jquery_ujs.self-d602bdfe68ffc63b9f9cc512872aa3cfff046228a0a36e90dd476e8ef54c1b09.js?body=1" for ::1 at 2016-02-01 09:44:22 -0700


Started GET "/assets/jquery.self-c64a74367bda6ef8b860f19e74df08927ca99d2be2ac934e9e92d5fd361e0da4.js?body=1" for ::1 at 2016-02-01 09:44:22 -0700


Started GET "/assets/turbolinks.self-c37727e9bd6b2735da5c311aa83fead54ed0be6cc8bd9a65309e9c5abe2cbfff.js?body=1" for ::1 at 2016-02-01 09:44:22 -0700


Started GET "/assets/application.self-3b8dabdc891efe46b9a144b400ad69e37d7e5876bdc39dee783419a69d7ca819.js?body=1" for ::1 at 2016-02-01 09:44:22 -0700


Started GET "/bears/new" for ::1 at 2016-02-01 09:44:22 -0700
Processing by BearsController#new as HTML
  Rendered bears/_form.html.erb (1.6ms)
  Rendered bears/new.html.erb within layouts/application (2.9ms)
Completed 200 OK in 17ms (Views: 14.7ms | ActiveRecord: 0.0ms)


Started POST "/bears" for ::1 at 2016-02-01 09:44:26 -0700
Processing by BearsController#create as HTML
  Parameters: {"utf8"=>"✓", "authenticity_token"=>"r5FWZQNFyNY79ffOuP9w1c3OGQuETnaIHt6lmSVZGgyNaX/Zk1WGYJmVvdpRFb6F7Gf5mY9Up8yBAQ+oI198tQ==", "bear"=>{"name"=>"Test", "description"=>"bear"}, "commit"=>"Create Bear"}
  [1m[36m (0.1ms)[0m  [1mbegin transaction[0m
  [1m[35mSQL (0.3ms)[0m  INSERT INTO "bears" ("name", "description", "created_at", "updated_at") VALUES (?, ?, ?, ?)  [["name", "Test"], ["description", "bear"], ["created_at", "2016-02-01 16:44:26.093533"], ["updated_at", "2016-02-01 16:44:26.093533"]]
  [1m[36m (0.5ms)[0m  [1mcommit transaction[0m
Redirected to http://localhost:3000/bears/2
Completed 302 Found in 3ms (ActiveRecord: 0.9ms)


Started GET "/bears/2" for ::1 at 2016-02-01 09:44:26 -0700
Processing by BearsController#show as HTML
  Parameters: {"id"=>"2"}
  [1m[35mBear Load (0.1ms)[0m  SELECT  "bears".* FROM "bears" WHERE "bears"."id" = ? LIMIT 1  [["id", 2]]
  Rendered bears/show.html.erb within layouts/application (0.3ms)
Completed 200 OK in 15ms (Views: 14.7ms | ActiveRecord: 0.1ms)


Started GET "/bears" for ::1 at 2016-02-01 09:44:29 -0700
Processing by BearsController#index as HTML
  [1m[36mBear Load (0.1ms)[0m  [1mSELECT "bears".* FROM "bears"[0m
  Rendered bears/index.html.erb within layouts/application (1.3ms)
Completed 200 OK in 16ms (Views: 15.4ms | ActiveRecord: 0.1ms)


Started DELETE "/bears/2" for ::1 at 2016-02-01 09:44:31 -0700
Processing by BearsController#destroy as HTML
  Parameters: {"authenticity_token"=>"YddsZGm6S36le26bwLl405oeTFP6ZLQgR0d0X7fY18NDL0XY+aoFyAcbJI8pU7aDu7eswfF+ZWTYmN5usd6xeg==", "id"=>"2"}
  [1m[35mBear Load (0.1ms)[0m  SELECT  "bears".* FROM "bears" WHERE "bears"."id" = ? LIMIT 1  [["id", 2]]
  [1m[36m (0.0ms)[0m  [1mbegin transaction[0m
  [1m[35mSQL (0.2ms)[0m  DELETE FROM "bears" WHERE "bears"."id" = ?  [["id", 2]]
  [1m[36m (2.2ms)[0m  [1mcommit transaction[0m
Redirected to http://localhost:3000/bears
Completed 302 Found in 5ms (ActiveRecord: 2.6ms)


Started GET "/bears" for ::1 at 2016-02-01 09:44:31 -0700
Processing by BearsController#index as HTML
  [1m[35mBear Load (0.2ms)[0m  SELECT "bears".* FROM "bears"
  Rendered bears/index.html.erb within layouts/application (0.8ms)
Completed 200 OK in 14ms (Views: 12.9ms | ActiveRecord: 0.2ms)


Started GET "/bears/new" for ::1 at 2016-02-01 09:44:34 -0700
Processing by BearsController#new as HTML
  Rendered bears/_form.html.erb (1.1ms)
  Rendered bears/new.html.erb within layouts/application (2.4ms)
Completed 200 OK in 13ms (Views: 12.9ms | ActiveRecord: 0.0ms)


Started POST "/bears" for ::1 at 2016-02-01 09:44:37 -0700
Processing by BearsController#create as HTML
  Parameters: {"utf8"=>"✓", "authenticity_token"=>"lnzWX/xkuerq4h/D694JWveAQXUtATBVXUCQ+FyXg8G0hP/jbHT3XEiCVdcCNMcK1imh5yYb4RHCnzrJWpHleA==", "bear"=>{"name"=>"test", "description"=>"bear"}, "commit"=>"Create Bear"}
  [1m[36m (0.1ms)[0m  [1mbegin transaction[0m
  [1m[35mSQL (0.3ms)[0m  INSERT INTO "bears" ("name", "description", "created_at", "updated_at") VALUES (?, ?, ?, ?)  [["name", "test"], ["description", "bear"], ["created_at", "2016-02-01 16:44:37.692240"], ["updated_at", "2016-02-01 16:44:37.692240"]]
  [1m[36m (0.4ms)[0m  [1mcommit transaction[0m
Redirected to http://localhost:3000/bears/3
Completed 302 Found in 3ms (ActiveRecord: 0.8ms)


Started GET "/bears/3" for ::1 at 2016-02-01 09:44:37 -0700
Processing by BearsController#show as HTML
  Parameters: {"id"=>"3"}
  [1m[35mBear Load (0.1ms)[0m  SELECT  "bears".* FROM "bears" WHERE "bears"."id" = ? LIMIT 1  [["id", 3]]
  Rendered bears/show.html.erb within layouts/application (0.2ms)
Completed 200 OK in 16ms (Views: 14.8ms | ActiveRecord: 0.1ms)


Started GET "/bears" for ::1 at 2016-02-01 09:44:40 -0700
Processing by BearsController#index as HTML
  [1m[36mBear Load (0.1ms)[0m  [1mSELECT "bears".* FROM "bears"[0m
  Rendered bears/index.html.erb within layouts/application (0.8ms)
Completed 200 OK in 13ms (Views: 12.2ms | ActiveRecord: 0.1ms)


Started GET "/bears/3/edit" for ::1 at 2016-02-01 09:44:41 -0700
Processing by BearsController#edit as HTML
  Parameters: {"id"=>"3"}
  [1m[35mBear Load (0.1ms)[0m  SELECT  "bears".* FROM "bears" WHERE "bears"."id" = ? LIMIT 1  [["id", 3]]
Completed 500 Internal Server Error in 4ms (ActiveRecord: 0.1ms)

ActionView::MissingTemplate (Missing template bears/edit, application/edit with {:locale=>[:en], :formats=>[:html, :xml], :variants=>[], :handlers=>[:erb, :builder, :raw, :ruby, :coffee, :jbuilder]}. Searched in:
  * "/Users/jgisin/Sites/Viking/bear_necessities/app/views"
):
  actionview (4.2.5.1) lib/action_view/path_set.rb:46:in `find'
  actionview (4.2.5.1) lib/action_view/lookup_context.rb:121:in `find'
  actionview (4.2.5.1) lib/action_view/renderer/abstract_renderer.rb:18:in `find_template'
  actionview (4.2.5.1) lib/action_view/renderer/template_renderer.rb:40:in `determine_template'
  actionview (4.2.5.1) lib/action_view/renderer/template_renderer.rb:8:in `render'
  actionview (4.2.5.1) lib/action_view/renderer/renderer.rb:42:in `render_template'
  actionview (4.2.5.1) lib/action_view/renderer/renderer.rb:23:in `render'
  actionview (4.2.5.1) lib/action_view/rendering.rb:100:in `_render_template'
  actionpack (4.2.5.1) lib/action_controller/metal/streaming.rb:217:in `_render_template'
  actionview (4.2.5.1) lib/action_view/rendering.rb:83:in `render_to_body'
  actionpack (4.2.5.1) lib/action_controller/metal/rendering.rb:32:in `render_to_body'
  actionpack (4.2.5.1) lib/action_controller/metal/renderers.rb:37:in `render_to_body'
  actionpack (4.2.5.1) lib/abstract_controller/rendering.rb:25:in `render'
  actionpack (4.2.5.1) lib/action_controller/metal/rendering.rb:16:in `render'
  actionpack (4.2.5.1) lib/action_controller/metal/instrumentation.rb:44:in `block (2 levels) in render'
  activesupport (4.2.5.1) lib/active_support/core_ext/benchmark.rb:12:in `block in ms'
  /Users/jgisin/.rvm/rubies/ruby-2.2.1/lib/ruby/2.2.0/benchmark.rb:303:in `realtime'
  activesupport (4.2.5.1) lib/active_support/core_ext/benchmark.rb:12:in `ms'
  actionpack (4.2.5.1) lib/action_controller/metal/instrumentation.rb:44:in `block in render'
  actionpack (4.2.5.1) lib/action_controller/metal/instrumentation.rb:87:in `cleanup_view_runtime'
  activerecord (4.2.5.1) lib/active_record/railties/controller_runtime.rb:25:in `cleanup_view_runtime'
  actionpack (4.2.5.1) lib/action_controller/metal/instrumentation.rb:43:in `render'
  actionpack (4.2.5.1) lib/action_controller/metal/implicit_render.rb:10:in `default_render'
  actionpack (4.2.5.1) lib/action_controller/metal/implicit_render.rb:5:in `send_action'
  actionpack (4.2.5.1) lib/abstract_controller/base.rb:198:in `process_action'
  actionpack (4.2.5.1) lib/action_controller/metal/rendering.rb:10:in `process_action'
  actionpack (4.2.5.1) lib/abstract_controller/callbacks.rb:20:in `block in process_action'
  activesupport (4.2.5.1) lib/active_support/callbacks.rb:117:in `call'
  activesupport (4.2.5.1) lib/active_support/callbacks.rb:117:in `call'
  activesupport (4.2.5.1) lib/active_support/callbacks.rb:555:in `block (2 levels) in compile'
  activesupport (4.2.5.1) lib/active_support/callbacks.rb:505:in `call'
  activesupport (4.2.5.1) lib/active_support/callbacks.rb:505:in `call'
  activesupport (4.2.5.1) lib/active_support/callbacks.rb:92:in `__run_callbacks__'
  activesupport (4.2.5.1) lib/active_support/callbacks.rb:778:in `_run_process_action_callbacks'
  activesupport (4.2.5.1) lib/active_support/callbacks.rb:81:in `run_callbacks'
  actionpack (4.2.5.1) lib/abstract_controller/callbacks.rb:19:in `process_action'
  actionpack (4.2.5.1) lib/action_controller/metal/rescue.rb:29:in `process_action'
  actionpack (4.2.5.1) lib/action_controller/metal/instrumentation.rb:32:in `block in process_action'
  activesupport (4.2.5.1) lib/active_support/notifications.rb:164:in `block in instrument'
  activesupport (4.2.5.1) lib/active_support/notifications/instrumenter.rb:20:in `instrument'
  activesupport (4.2.5.1) lib/active_support/notifications.rb:164:in `instrument'
  actionpack (4.2.5.1) lib/action_controller/metal/instrumentation.rb:30:in `process_action'
  actionpack (4.2.5.1) lib/action_controller/metal/params_wrapper.rb:250:in `process_action'
  activerecord (4.2.5.1) lib/active_record/railties/controller_runtime.rb:18:in `process_action'
  actionpack (4.2.5.1) lib/abstract_controller/base.rb:137:in `process'
  actionview (4.2.5.1) lib/action_view/rendering.rb:30:in `process'
  actionpack (4.2.5.1) lib/action_controller/metal.rb:196:in `dispatch'
  actionpack (4.2.5.1) lib/action_controller/metal/rack_delegation.rb:13:in `dispatch'
  actionpack (4.2.5.1) lib/action_controller/metal.rb:237:in `block in action'
  actionpack (4.2.5.1) lib/action_dispatch/routing/route_set.rb:74:in `call'
  actionpack (4.2.5.1) lib/action_dispatch/routing/route_set.rb:74:in `dispatch'
  actionpack (4.2.5.1) lib/action_dispatch/routing/route_set.rb:43:in `serve'
  actionpack (4.2.5.1) lib/action_dispatch/journey/router.rb:43:in `block in serve'
  actionpack (4.2.5.1) lib/action_dispatch/journey/router.rb:30:in `each'
  actionpack (4.2.5.1) lib/action_dispatch/journey/router.rb:30:in `serve'
  actionpack (4.2.5.1) lib/action_dispatch/routing/route_set.rb:815:in `call'
  rack (1.6.4) lib/rack/etag.rb:24:in `call'
  rack (1.6.4) lib/rack/conditionalget.rb:25:in `call'
  rack (1.6.4) lib/rack/head.rb:13:in `call'
  actionpack (4.2.5.1) lib/action_dispatch/middleware/params_parser.rb:27:in `call'
  actionpack (4.2.5.1) lib/action_dispatch/middleware/flash.rb:260:in `call'
  rack (1.6.4) lib/rack/session/abstract/id.rb:225:in `context'
  rack (1.6.4) lib/rack/session/abstract/id.rb:220:in `call'
  actionpack (4.2.5.1) lib/action_dispatch/middleware/cookies.rb:560:in `call'
  activerecord (4.2.5.1) lib/active_record/query_cache.rb:36:in `call'
  activerecord (4.2.5.1) lib/active_record/connection_adapters/abstract/connection_pool.rb:653:in `call'
  activerecord (4.2.5.1) lib/active_record/migration.rb:377:in `call'
  actionpack (4.2.5.1) lib/action_dispatch/middleware/callbacks.rb:29:in `block in call'
  activesupport (4.2.5.1) lib/active_support/callbacks.rb:88:in `__run_callbacks__'
  activesupport (4.2.5.1) lib/active_support/callbacks.rb:778:in `_run_call_callbacks'
  activesupport (4.2.5.1) lib/active_support/callbacks.rb:81:in `run_callbacks'
  actionpack (4.2.5.1) lib/action_dispatch/middleware/callbacks.rb:27:in `call'
  actionpack (4.2.5.1) lib/action_dispatch/middleware/reloader.rb:73:in `call'
  actionpack (4.2.5.1) lib/action_dispatch/middleware/remote_ip.rb:78:in `call'
  actionpack (4.2.5.1) lib/action_dispatch/middleware/debug_exceptions.rb:17:in `call'
  web-console (2.3.0) lib/web_console/middleware.rb:28:in `block in call'
  web-console (2.3.0) lib/web_console/middleware.rb:18:in `catch'
  web-console (2.3.0) lib/web_console/middleware.rb:18:in `call'
  actionpack (4.2.5.1) lib/action_dispatch/middleware/show_exceptions.rb:30:in `call'
  railties (4.2.5.1) lib/rails/rack/logger.rb:38:in `call_app'
  railties (4.2.5.1) lib/rails/rack/logger.rb:20:in `block in call'
  activesupport (4.2.5.1) lib/active_support/tagged_logging.rb:68:in `block in tagged'
  activesupport (4.2.5.1) lib/active_support/tagged_logging.rb:26:in `tagged'
  activesupport (4.2.5.1) lib/active_support/tagged_logging.rb:68:in `tagged'
  railties (4.2.5.1) lib/rails/rack/logger.rb:20:in `call'
  actionpack (4.2.5.1) lib/action_dispatch/middleware/request_id.rb:21:in `call'
  rack (1.6.4) lib/rack/methodoverride.rb:22:in `call'
  rack (1.6.4) lib/rack/runtime.rb:18:in `call'
  activesupport (4.2.5.1) lib/active_support/cache/strategy/local_cache_middleware.rb:28:in `call'
  rack (1.6.4) lib/rack/lock.rb:17:in `call'
  actionpack (4.2.5.1) lib/action_dispatch/middleware/static.rb:116:in `call'
  rack (1.6.4) lib/rack/sendfile.rb:113:in `call'
  railties (4.2.5.1) lib/rails/engine.rb:518:in `call'
  railties (4.2.5.1) lib/rails/application.rb:165:in `call'
  rack (1.6.4) lib/rack/lock.rb:17:in `call'
  rack (1.6.4) lib/rack/content_length.rb:15:in `call'
  rack (1.6.4) lib/rack/handler/webrick.rb:88:in `service'
  /Users/jgisin/.rvm/rubies/ruby-2.2.1/lib/ruby/2.2.0/webrick/httpserver.rb:138:in `service'
  /Users/jgisin/.rvm/rubies/ruby-2.2.1/lib/ruby/2.2.0/webrick/httpserver.rb:94:in `run'
  /Users/jgisin/.rvm/rubies/ruby-2.2.1/lib/ruby/2.2.0/webrick/server.rb:294:in `block in start_thread'


  Rendered /Users/jgisin/.rvm/gems/ruby-2.2.1/gems/actionpack-4.2.5.1/lib/action_dispatch/middleware/templates/rescues/_source.erb (6.6ms)
  Rendered /Users/jgisin/.rvm/gems/ruby-2.2.1/gems/actionpack-4.2.5.1/lib/action_dispatch/middleware/templates/rescues/_trace.html.erb (3.2ms)
  Rendered /Users/jgisin/.rvm/gems/ruby-2.2.1/gems/actionpack-4.2.5.1/lib/action_dispatch/middleware/templates/rescues/_request_and_response.html.erb (0.6ms)
  Rendered /Users/jgisin/.rvm/gems/ruby-2.2.1/gems/actionpack-4.2.5.1/lib/action_dispatch/middleware/templates/rescues/missing_template.html.erb within rescues/layout (49.9ms)
  Rendered /Users/jgisin/.rvm/gems/ruby-2.2.1/gems/web-console-2.3.0/lib/web_console/templates/_markup.html.erb (0.2ms)
  Rendered /Users/jgisin/.rvm/gems/ruby-2.2.1/gems/web-console-2.3.0/lib/web_console/templates/_inner_console_markup.html.erb within layouts/inlined_string (0.2ms)
  Rendered /Users/jgisin/.rvm/gems/ruby-2.2.1/gems/web-console-2.3.0/lib/web_console/templates/_prompt_box_markup.html.erb within layouts/inlined_string (0.2ms)
  Rendered /Users/jgisin/.rvm/gems/ruby-2.2.1/gems/web-console-2.3.0/lib/web_console/templates/style.css.erb within layouts/inlined_string (0.2ms)
  Rendered /Users/jgisin/.rvm/gems/ruby-2.2.1/gems/web-console-2.3.0/lib/web_console/templates/console.js.erb within layouts/javascript (33.6ms)
  Rendered /Users/jgisin/.rvm/gems/ruby-2.2.1/gems/web-console-2.3.0/lib/web_console/templates/main.js.erb within layouts/javascript (0.2ms)
  Rendered /Users/jgisin/.rvm/gems/ruby-2.2.1/gems/web-console-2.3.0/lib/web_console/templates/error_page.js.erb within layouts/javascript (0.2ms)
  Rendered /Users/jgisin/.rvm/gems/ruby-2.2.1/gems/web-console-2.3.0/lib/web_console/templates/index.html.erb (73.8ms)


Started GET "/bears/3/edit" for ::1 at 2016-02-01 09:44:41 -0700
Processing by BearsController#edit as HTML
  Parameters: {"id"=>"3"}
  [1m[36mBear Load (0.1ms)[0m  [1mSELECT  "bears".* FROM "bears" WHERE "bears"."id" = ? LIMIT 1[0m  [["id", 3]]
Completed 500 Internal Server Error in 3ms (ActiveRecord: 0.1ms)

ActionView::MissingTemplate (Missing template bears/edit, application/edit with {:locale=>[:en], :formats=>[:html], :variants=>[], :handlers=>[:erb, :builder, :raw, :ruby, :coffee, :jbuilder]}. Searched in:
  * "/Users/jgisin/Sites/Viking/bear_necessities/app/views"
):
  actionview (4.2.5.1) lib/action_view/path_set.rb:46:in `find'
  actionview (4.2.5.1) lib/action_view/lookup_context.rb:121:in `find'
  actionview (4.2.5.1) lib/action_view/renderer/abstract_renderer.rb:18:in `find_template'
  actionview (4.2.5.1) lib/action_view/renderer/template_renderer.rb:40:in `determine_template'
  actionview (4.2.5.1) lib/action_view/renderer/template_renderer.rb:8:in `render'
  actionview (4.2.5.1) lib/action_view/renderer/renderer.rb:42:in `render_template'
  actionview (4.2.5.1) lib/action_view/renderer/renderer.rb:23:in `render'
  actionview (4.2.5.1) lib/action_view/rendering.rb:100:in `_render_template'
  actionpack (4.2.5.1) lib/action_controller/metal/streaming.rb:217:in `_render_template'
  actionview (4.2.5.1) lib/action_view/rendering.rb:83:in `render_to_body'
  actionpack (4.2.5.1) lib/action_controller/metal/rendering.rb:32:in `render_to_body'
  actionpack (4.2.5.1) lib/action_controller/metal/renderers.rb:37:in `render_to_body'
  actionpack (4.2.5.1) lib/abstract_controller/rendering.rb:25:in `render'
  actionpack (4.2.5.1) lib/action_controller/metal/rendering.rb:16:in `render'
  actionpack (4.2.5.1) lib/action_controller/metal/instrumentation.rb:44:in `block (2 levels) in render'
  activesupport (4.2.5.1) lib/active_support/core_ext/benchmark.rb:12:in `block in ms'
  /Users/jgisin/.rvm/rubies/ruby-2.2.1/lib/ruby/2.2.0/benchmark.rb:303:in `realtime'
  activesupport (4.2.5.1) lib/active_support/core_ext/benchmark.rb:12:in `ms'
  actionpack (4.2.5.1) lib/action_controller/metal/instrumentation.rb:44:in `block in render'
  actionpack (4.2.5.1) lib/action_controller/metal/instrumentation.rb:87:in `cleanup_view_runtime'
  activerecord (4.2.5.1) lib/active_record/railties/controller_runtime.rb:25:in `cleanup_view_runtime'
  actionpack (4.2.5.1) lib/action_controller/metal/instrumentation.rb:43:in `render'
  actionpack (4.2.5.1) lib/action_controller/metal/implicit_render.rb:10:in `default_render'
  actionpack (4.2.5.1) lib/action_controller/metal/implicit_render.rb:5:in `send_action'
  actionpack (4.2.5.1) lib/abstract_controller/base.rb:198:in `process_action'
  actionpack (4.2.5.1) lib/action_controller/metal/rendering.rb:10:in `process_action'
  actionpack (4.2.5.1) lib/abstract_controller/callbacks.rb:20:in `block in process_action'
  activesupport (4.2.5.1) lib/active_support/callbacks.rb:117:in `call'
  activesupport (4.2.5.1) lib/active_support/callbacks.rb:117:in `call'
  activesupport (4.2.5.1) lib/active_support/callbacks.rb:555:in `block (2 levels) in compile'
  activesupport (4.2.5.1) lib/active_support/callbacks.rb:505:in `call'
  activesupport (4.2.5.1) lib/active_support/callbacks.rb:505:in `call'
  activesupport (4.2.5.1) lib/active_support/callbacks.rb:92:in `__run_callbacks__'
  activesupport (4.2.5.1) lib/active_support/callbacks.rb:778:in `_run_process_action_callbacks'
  activesupport (4.2.5.1) lib/active_support/callbacks.rb:81:in `run_callbacks'
  actionpack (4.2.5.1) lib/abstract_controller/callbacks.rb:19:in `process_action'
  actionpack (4.2.5.1) lib/action_controller/metal/rescue.rb:29:in `process_action'
  actionpack (4.2.5.1) lib/action_controller/metal/instrumentation.rb:32:in `block in process_action'
  activesupport (4.2.5.1) lib/active_support/notifications.rb:164:in `block in instrument'
  activesupport (4.2.5.1) lib/active_support/notifications/instrumenter.rb:20:in `instrument'
  activesupport (4.2.5.1) lib/active_support/notifications.rb:164:in `instrument'
  actionpack (4.2.5.1) lib/action_controller/metal/instrumentation.rb:30:in `process_action'
  actionpack (4.2.5.1) lib/action_controller/metal/params_wrapper.rb:250:in `process_action'
  activerecord (4.2.5.1) lib/active_record/railties/controller_runtime.rb:18:in `process_action'
  actionpack (4.2.5.1) lib/abstract_controller/base.rb:137:in `process'
  actionview (4.2.5.1) lib/action_view/rendering.rb:30:in `process'
  actionpack (4.2.5.1) lib/action_controller/metal.rb:196:in `dispatch'
  actionpack (4.2.5.1) lib/action_controller/metal/rack_delegation.rb:13:in `dispatch'
  actionpack (4.2.5.1) lib/action_controller/metal.rb:237:in `block in action'
  actionpack (4.2.5.1) lib/action_dispatch/routing/route_set.rb:74:in `call'
  actionpack (4.2.5.1) lib/action_dispatch/routing/route_set.rb:74:in `dispatch'
  actionpack (4.2.5.1) lib/action_dispatch/routing/route_set.rb:43:in `serve'
  actionpack (4.2.5.1) lib/action_dispatch/journey/router.rb:43:in `block in serve'
  actionpack (4.2.5.1) lib/action_dispatch/journey/router.rb:30:in `each'
  actionpack (4.2.5.1) lib/action_dispatch/journey/router.rb:30:in `serve'
  actionpack (4.2.5.1) lib/action_dispatch/routing/route_set.rb:815:in `call'
  rack (1.6.4) lib/rack/etag.rb:24:in `call'
  rack (1.6.4) lib/rack/conditionalget.rb:25:in `call'
  rack (1.6.4) lib/rack/head.rb:13:in `call'
  actionpack (4.2.5.1) lib/action_dispatch/middleware/params_parser.rb:27:in `call'
  actionpack (4.2.5.1) lib/action_dispatch/middleware/flash.rb:260:in `call'
  rack (1.6.4) lib/rack/session/abstract/id.rb:225:in `context'
  rack (1.6.4) lib/rack/session/abstract/id.rb:220:in `call'
  actionpack (4.2.5.1) lib/action_dispatch/middleware/cookies.rb:560:in `call'
  activerecord (4.2.5.1) lib/active_record/query_cache.rb:36:in `call'
  activerecord (4.2.5.1) lib/active_record/connection_adapters/abstract/connection_pool.rb:653:in `call'
  activerecord (4.2.5.1) lib/active_record/migration.rb:377:in `call'
  actionpack (4.2.5.1) lib/action_dispatch/middleware/callbacks.rb:29:in `block in call'
  activesupport (4.2.5.1) lib/active_support/callbacks.rb:88:in `__run_callbacks__'
  activesupport (4.2.5.1) lib/active_support/callbacks.rb:778:in `_run_call_callbacks'
  activesupport (4.2.5.1) lib/active_support/callbacks.rb:81:in `run_callbacks'
  actionpack (4.2.5.1) lib/action_dispatch/middleware/callbacks.rb:27:in `call'
  actionpack (4.2.5.1) lib/action_dispatch/middleware/reloader.rb:73:in `call'
  actionpack (4.2.5.1) lib/action_dispatch/middleware/remote_ip.rb:78:in `call'
  actionpack (4.2.5.1) lib/action_dispatch/middleware/debug_exceptions.rb:17:in `call'
  web-console (2.3.0) lib/web_console/middleware.rb:28:in `block in call'
  web-console (2.3.0) lib/web_console/middleware.rb:18:in `catch'
  web-console (2.3.0) lib/web_console/middleware.rb:18:in `call'
  actionpack (4.2.5.1) lib/action_dispatch/middleware/show_exceptions.rb:30:in `call'
  railties (4.2.5.1) lib/rails/rack/logger.rb:38:in `call_app'
  railties (4.2.5.1) lib/rails/rack/logger.rb:20:in `block in call'
  activesupport (4.2.5.1) lib/active_support/tagged_logging.rb:68:in `block in tagged'
  activesupport (4.2.5.1) lib/active_support/tagged_logging.rb:26:in `tagged'
  activesupport (4.2.5.1) lib/active_support/tagged_logging.rb:68:in `tagged'
  railties (4.2.5.1) lib/rails/rack/logger.rb:20:in `call'
  actionpack (4.2.5.1) lib/action_dispatch/middleware/request_id.rb:21:in `call'
  rack (1.6.4) lib/rack/methodoverride.rb:22:in `call'
  rack (1.6.4) lib/rack/runtime.rb:18:in `call'
  activesupport (4.2.5.1) lib/active_support/cache/strategy/local_cache_middleware.rb:28:in `call'
  rack (1.6.4) lib/rack/lock.rb:17:in `call'
  actionpack (4.2.5.1) lib/action_dispatch/middleware/static.rb:116:in `call'
  rack (1.6.4) lib/rack/sendfile.rb:113:in `call'
  railties (4.2.5.1) lib/rails/engine.rb:518:in `call'
  railties (4.2.5.1) lib/rails/application.rb:165:in `call'
  rack (1.6.4) lib/rack/lock.rb:17:in `call'
  rack (1.6.4) lib/rack/content_length.rb:15:in `call'
  rack (1.6.4) lib/rack/handler/webrick.rb:88:in `service'
  /Users/jgisin/.rvm/rubies/ruby-2.2.1/lib/ruby/2.2.0/webrick/httpserver.rb:138:in `service'
  /Users/jgisin/.rvm/rubies/ruby-2.2.1/lib/ruby/2.2.0/webrick/httpserver.rb:94:in `run'
  /Users/jgisin/.rvm/rubies/ruby-2.2.1/lib/ruby/2.2.0/webrick/server.rb:294:in `block in start_thread'


  Rendered /Users/jgisin/.rvm/gems/ruby-2.2.1/gems/actionpack-4.2.5.1/lib/action_dispatch/middleware/templates/rescues/_source.erb (4.1ms)
  Rendered /Users/jgisin/.rvm/gems/ruby-2.2.1/gems/actionpack-4.2.5.1/lib/action_dispatch/middleware/templates/rescues/_trace.html.erb (1.9ms)
  Rendered /Users/jgisin/.rvm/gems/ruby-2.2.1/gems/actionpack-4.2.5.1/lib/action_dispatch/middleware/templates/rescues/_request_and_response.html.erb (0.7ms)
  Rendered /Users/jgisin/.rvm/gems/ruby-2.2.1/gems/actionpack-4.2.5.1/lib/action_dispatch/middleware/templates/rescues/missing_template.html.erb within rescues/layout (41.4ms)
  Rendered /Users/jgisin/.rvm/gems/ruby-2.2.1/gems/web-console-2.3.0/lib/web_console/templates/_markup.html.erb (0.2ms)
  Rendered /Users/jgisin/.rvm/gems/ruby-2.2.1/gems/web-console-2.3.0/lib/web_console/templates/_inner_console_markup.html.erb within layouts/inlined_string (0.2ms)
  Rendered /Users/jgisin/.rvm/gems/ruby-2.2.1/gems/web-console-2.3.0/lib/web_console/templates/_prompt_box_markup.html.erb within layouts/inlined_string (0.2ms)
  Rendered /Users/jgisin/.rvm/gems/ruby-2.2.1/gems/web-console-2.3.0/lib/web_console/templates/style.css.erb within layouts/inlined_string (0.2ms)
  Rendered /Users/jgisin/.rvm/gems/ruby-2.2.1/gems/web-console-2.3.0/lib/web_console/templates/console.js.erb within layouts/javascript (33.9ms)
  Rendered /Users/jgisin/.rvm/gems/ruby-2.2.1/gems/web-console-2.3.0/lib/web_console/templates/main.js.erb within layouts/javascript (0.2ms)
  Rendered /Users/jgisin/.rvm/gems/ruby-2.2.1/gems/web-console-2.3.0/lib/web_console/templates/error_page.js.erb within layouts/javascript (0.4ms)
  Rendered /Users/jgisin/.rvm/gems/ruby-2.2.1/gems/web-console-2.3.0/lib/web_console/templates/index.html.erb (77.7ms)


Started GET "/bears/3/edit" for ::1 at 2016-02-01 09:45:03 -0700
Processing by BearsController#edit as HTML
  Parameters: {"id"=>"3"}
  [1m[35mBear Load (0.1ms)[0m  SELECT  "bears".* FROM "bears" WHERE "bears"."id" = ? LIMIT 1  [["id", 3]]
  Rendered bears/edit.html.erb within layouts/application (0.3ms)
Completed 200 OK in 11ms (Views: 10.2ms | ActiveRecord: 0.1ms)


Started GET "/assets/application.self-e80e8f2318043e8af94dddc2adad5a4f09739a8ebb323b3ab31cd71d45fd9113.css?body=1" for ::1 at 2016-02-01 09:45:03 -0700


Started GET "/assets/bears.self-e3b0c44298fc1c149afbf4c8996fb92427ae41e4649b934ca495991b7852b855.css?body=1" for ::1 at 2016-02-01 09:45:03 -0700


Started GET "/assets/turbolinks.self-c37727e9bd6b2735da5c311aa83fead54ed0be6cc8bd9a65309e9c5abe2cbfff.js?body=1" for ::1 at 2016-02-01 09:45:03 -0700


Started GET "/assets/jquery.self-c64a74367bda6ef8b860f19e74df08927ca99d2be2ac934e9e92d5fd361e0da4.js?body=1" for ::1 at 2016-02-01 09:45:03 -0700


Started GET "/assets/bears.self-877aef30ae1b040ab8a3aba4e3e309a11d7f2612f44dde450b5c157aa5f95c05.js?body=1" for ::1 at 2016-02-01 09:45:03 -0700


Started GET "/assets/jquery_ujs.self-d602bdfe68ffc63b9f9cc512872aa3cfff046228a0a36e90dd476e8ef54c1b09.js?body=1" for ::1 at 2016-02-01 09:45:03 -0700


Started GET "/assets/application.self-3b8dabdc891efe46b9a144b400ad69e37d7e5876bdc39dee783419a69d7ca819.js?body=1" for ::1 at 2016-02-01 09:45:03 -0700


Started GET "/bears/3/edit" for ::1 at 2016-02-01 09:45:09 -0700
Processing by BearsController#edit as HTML
  Parameters: {"id"=>"3"}
  [1m[36mBear Load (0.1ms)[0m  [1mSELECT  "bears".* FROM "bears" WHERE "bears"."id" = ? LIMIT 1[0m  [["id", 3]]
  Rendered bears/_form.html.erb (1.6ms)
  Rendered bears/edit.html.erb within layouts/application (2.8ms)
Completed 200 OK in 14ms (Views: 13.2ms | ActiveRecord: 0.1ms)


Started GET "/assets/bears.self-e3b0c44298fc1c149afbf4c8996fb92427ae41e4649b934ca495991b7852b855.css?body=1" for ::1 at 2016-02-01 09:45:09 -0700


Started GET "/assets/turbolinks.self-c37727e9bd6b2735da5c311aa83fead54ed0be6cc8bd9a65309e9c5abe2cbfff.js?body=1" for ::1 at 2016-02-01 09:45:10 -0700


Started GET "/assets/application.self-e80e8f2318043e8af94dddc2adad5a4f09739a8ebb323b3ab31cd71d45fd9113.css?body=1" for ::1 at 2016-02-01 09:45:10 -0700


Started GET "/assets/jquery_ujs.self-d602bdfe68ffc63b9f9cc512872aa3cfff046228a0a36e90dd476e8ef54c1b09.js?body=1" for ::1 at 2016-02-01 09:45:10 -0700


Started GET "/assets/application.self-3b8dabdc891efe46b9a144b400ad69e37d7e5876bdc39dee783419a69d7ca819.js?body=1" for ::1 at 2016-02-01 09:45:10 -0700


Started GET "/assets/jquery.self-c64a74367bda6ef8b860f19e74df08927ca99d2be2ac934e9e92d5fd361e0da4.js?body=1" for ::1 at 2016-02-01 09:45:10 -0700


Started GET "/assets/bears.self-877aef30ae1b040ab8a3aba4e3e309a11d7f2612f44dde450b5c157aa5f95c05.js?body=1" for ::1 at 2016-02-01 09:45:10 -0700


Started PATCH "/bears/3" for ::1 at 2016-02-01 09:45:14 -0700
Processing by BearsController#update as HTML
  Parameters: {"utf8"=>"✓", "authenticity_token"=>"n9Diq0032FkyWAIG/sBZiRr04VCDH07HGJbapTJoPAa9KMsX3SeW75A4SBIXKpfZO10BwogFn4OHSXCUNG5avw==", "bear"=>{"name"=>"test", "description"=>"bear edit"}, "commit"=>"Update Bear", "id"=>"3"}
  [1m[35mBear Load (0.1ms)[0m  SELECT  "bears".* FROM "bears" WHERE "bears"."id" = ? LIMIT 1  [["id", 3]]
  [1m[36m (0.0ms)[0m  [1mbegin transaction[0m
  [1m[35mSQL (0.4ms)[0m  UPDATE "bears" SET "description" = ?, "updated_at" = ? WHERE "bears"."id" = ?  [["description", "bear edit"], ["updated_at", "2016-02-01 16:45:14.453493"], ["id", 3]]
  [1m[36m (0.5ms)[0m  [1mcommit transaction[0m
Redirected to http://localhost:3000/bears
Completed 302 Found in 4ms (ActiveRecord: 1.0ms)


Started GET "/bears" for ::1 at 2016-02-01 09:45:14 -0700
Processing by BearsController#index as HTML
  [1m[35mBear Load (0.1ms)[0m  SELECT "bears".* FROM "bears"
  Rendered bears/index.html.erb within layouts/application (0.7ms)
Completed 200 OK in 11ms (Views: 10.8ms | ActiveRecord: 0.1ms)
  [1m[36m (2.6ms)[0m  [1mCREATE TABLE "bears" ("id" INTEGER PRIMARY KEY AUTOINCREMENT NOT NULL, "name" varchar, "description" varchar, "created_at" datetime NOT NULL, "updated_at" datetime NOT NULL) [0m
  [1m[35m (1.0ms)[0m  CREATE TABLE "schema_migrations" ("version" varchar NOT NULL) 
  [1m[36m (0.1ms)[0m  [1mselect sqlite_version(*)[0m
  [1m[35m (0.6ms)[0m  CREATE UNIQUE INDEX "unique_schema_migrations" ON "schema_migrations" ("version")
  [1m[36m (0.1ms)[0m  [1mSELECT version FROM "schema_migrations"[0m
  [1m[35m (0.5ms)[0m  INSERT INTO "schema_migrations" (version) VALUES ('20160201161657')
  [1m[36m (0.7ms)[0m  [1mCREATE TABLE "bears" ("id" INTEGER PRIMARY KEY AUTOINCREMENT NOT NULL, "name" varchar, "description" varchar, "created_at" datetime NOT NULL, "updated_at" datetime NOT NULL) [0m
  [1m[35m (1.1ms)[0m  CREATE TABLE "schema_migrations" ("version" varchar NOT NULL) 
  [1m[36m (0.1ms)[0m  [1mselect sqlite_version(*)[0m
  [1m[35m (0.8ms)[0m  CREATE UNIQUE INDEX "unique_schema_migrations" ON "schema_migrations" ("version")
  [1m[36m (0.1ms)[0m  [1mSELECT version FROM "schema_migrations"[0m
  [1m[35m (1.1ms)[0m  INSERT INTO "schema_migrations" (version) VALUES ('20160201161657')
  [1m[36mActiveRecord::SchemaMigration Load (0.1ms)[0m  [1mSELECT "schema_migrations".* FROM "schema_migrations"[0m


Started GET "/" for ::1 at 2016-02-01 09:45:40 -0700
  [1m[36mActiveRecord::SchemaMigration Load (0.1ms)[0m  [1mSELECT "schema_migrations".* FROM "schema_migrations"[0m
Processing by BearsController#index as HTML
  [1m[35mBear Load (0.2ms)[0m  SELECT "bears".* FROM "bears"
  Rendered bears/index.html.erb within layouts/application (3.3ms)
Completed 200 OK in 170ms (Views: 162.0ms | ActiveRecord: 0.3ms)


Started GET "/bears/new" for ::1 at 2016-02-01 09:45:41 -0700
Processing by BearsController#new as HTML
  Rendered bears/_form.html.erb (15.1ms)
  Rendered bears/new.html.erb within layouts/application (19.4ms)
Completed 200 OK in 46ms (Views: 36.1ms | ActiveRecord: 0.2ms)


Started POST "/bears" for ::1 at 2016-02-01 09:45:44 -0700
Processing by BearsController#create as HTML
  Parameters: {"utf8"=>"✓", "authenticity_token"=>"R2anFC9GDSeV5k3ZvI2VbQnWKIRLEyP7KuUBN9xgdBtlno6ov1ZDkTeGB81VZ1s9KH/IFkAJ8r+1OqsG2mYSog==", "bear"=>{"name"=>"test", "description"=>"bear"}, "commit"=>"Create Bear"}
  [1m[36m (0.1ms)[0m  [1mbegin transaction[0m
  [1m[35mSQL (0.3ms)[0m  INSERT INTO "bears" ("name", "description", "created_at", "updated_at") VALUES (?, ?, ?, ?)  [["name", "test"], ["description", "bear"], ["created_at", "2016-02-01 16:45:44.284139"], ["updated_at", "2016-02-01 16:45:44.284139"]]
  [1m[36m (0.5ms)[0m  [1mcommit transaction[0m
Redirected to http://localhost:3000/bears/1
Completed 302 Found in 6ms (ActiveRecord: 0.9ms)


Started GET "/bears/1" for ::1 at 2016-02-01 09:45:44 -0700
Processing by BearsController#show as HTML
  Parameters: {"id"=>"1"}
  [1m[35mBear Load (0.5ms)[0m  SELECT  "bears".* FROM "bears" WHERE "bears"."id" = ? LIMIT 1  [["id", 1]]
  Rendered bears/show.html.erb within layouts/application (0.4ms)
Completed 200 OK in 27ms (Views: 18.6ms | ActiveRecord: 0.5ms)


Started GET "/bears" for ::1 at 2016-02-01 09:45:46 -0700
Processing by BearsController#index as HTML
  [1m[36mBear Load (0.2ms)[0m  [1mSELECT "bears".* FROM "bears"[0m
  Rendered bears/index.html.erb within layouts/application (1.4ms)
Completed 200 OK in 19ms (Views: 18.7ms | ActiveRecord: 0.2ms)


Started GET "/bears/1/edit" for ::1 at 2016-02-01 09:46:02 -0700
Processing by BearsController#edit as HTML
  Parameters: {"id"=>"1"}
  [1m[35mBear Load (0.1ms)[0m  SELECT  "bears".* FROM "bears" WHERE "bears"."id" = ? LIMIT 1  [["id", 1]]
  Rendered bears/_form.html.erb (2.1ms)
  Rendered bears/edit.html.erb within layouts/application (3.8ms)
Completed 200 OK in 24ms (Views: 23.2ms | ActiveRecord: 0.1ms)


Started GET "/" for ::1 at 2016-02-01 09:49:49 -0700
Processing by BearsController#index as HTML
  [1m[36mBear Load (0.1ms)[0m  [1mSELECT "bears".* FROM "bears"[0m
  Rendered bears/index.html.erb within layouts/application (1.4ms)
Completed 200 OK in 18ms (Views: 17.0ms | ActiveRecord: 0.1ms)


Started GET "/" for ::1 at 2016-02-01 09:49:57 -0700
Processing by BearsController#index as HTML
  [1m[35mBear Load (0.2ms)[0m  SELECT "bears".* FROM "bears"
  Rendered bears/index.html.erb within layouts/application (1.5ms)
Completed 200 OK in 14ms (Views: 13.7ms | ActiveRecord: 0.2ms)


Started GET "/assets/bears.self-e3b0c44298fc1c149afbf4c8996fb92427ae41e4649b934ca495991b7852b855.css?body=1" for ::1 at 2016-02-01 09:49:57 -0700


Started GET "/assets/application.self-e80e8f2318043e8af94dddc2adad5a4f09739a8ebb323b3ab31cd71d45fd9113.css?body=1" for ::1 at 2016-02-01 09:49:57 -0700


Started GET "/assets/jquery_ujs.self-d602bdfe68ffc63b9f9cc512872aa3cfff046228a0a36e90dd476e8ef54c1b09.js?body=1" for ::1 at 2016-02-01 09:49:57 -0700


Started GET "/assets/turbolinks.self-c37727e9bd6b2735da5c311aa83fead54ed0be6cc8bd9a65309e9c5abe2cbfff.js?body=1" for ::1 at 2016-02-01 09:49:57 -0700


Started GET "/assets/bears.self-877aef30ae1b040ab8a3aba4e3e309a11d7f2612f44dde450b5c157aa5f95c05.js?body=1" for ::1 at 2016-02-01 09:49:57 -0700


Started GET "/assets/jquery.self-c64a74367bda6ef8b860f19e74df08927ca99d2be2ac934e9e92d5fd361e0da4.js?body=1" for ::1 at 2016-02-01 09:49:57 -0700


Started GET "/assets/application.self-3b8dabdc891efe46b9a144b400ad69e37d7e5876bdc39dee783419a69d7ca819.js?body=1" for ::1 at 2016-02-01 09:49:57 -0700
  [1m[36m (2.6ms)[0m  [1mCREATE TABLE "bears" ("id" INTEGER PRIMARY KEY AUTOINCREMENT NOT NULL, "name" varchar, "description" varchar, "created_at" datetime NOT NULL, "updated_at" datetime NOT NULL) [0m
  [1m[35m (0.6ms)[0m  CREATE TABLE "schema_migrations" ("version" varchar NOT NULL) 
  [1m[36m (0.1ms)[0m  [1mselect sqlite_version(*)[0m
  [1m[35m (0.6ms)[0m  CREATE UNIQUE INDEX "unique_schema_migrations" ON "schema_migrations" ("version")
  [1m[36m (0.1ms)[0m  [1mSELECT version FROM "schema_migrations"[0m
  [1m[35m (0.5ms)[0m  INSERT INTO "schema_migrations" (version) VALUES ('20160201161657')
  [1m[36m (0.6ms)[0m  [1mCREATE TABLE "bears" ("id" INTEGER PRIMARY KEY AUTOINCREMENT NOT NULL, "name" varchar, "description" varchar, "created_at" datetime NOT NULL, "updated_at" datetime NOT NULL) [0m
  [1m[35m (0.5ms)[0m  CREATE TABLE "schema_migrations" ("version" varchar NOT NULL) 
  [1m[36m (0.0ms)[0m  [1mselect sqlite_version(*)[0m
  [1m[35m (0.8ms)[0m  CREATE UNIQUE INDEX "unique_schema_migrations" ON "schema_migrations" ("version")
  [1m[36m (0.1ms)[0m  [1mSELECT version FROM "schema_migrations"[0m
  [1m[35m (0.5ms)[0m  INSERT INTO "schema_migrations" (version) VALUES ('20160201161657')
  [1m[36mActiveRecord::SchemaMigration Load (0.1ms)[0m  [1mSELECT "schema_migrations".* FROM "schema_migrations"[0m


Started GET "/" for ::1 at 2016-02-01 09:52:47 -0700
  [1m[36mActiveRecord::SchemaMigration Load (0.1ms)[0m  [1mSELECT "schema_migrations".* FROM "schema_migrations"[0m
Processing by BearsController#index as HTML
  [1m[35mBear Load (0.1ms)[0m  SELECT "bears".* FROM "bears"
  Rendered bears/index.html.erb within layouts/application (2.4ms)
Completed 200 OK in 179ms (Views: 170.8ms | ActiveRecord: 0.2ms)


Started GET "/assets/bears.self-e3b0c44298fc1c149afbf4c8996fb92427ae41e4649b934ca495991b7852b855.css?body=1" for ::1 at 2016-02-01 09:52:47 -0700


Started GET "/assets/jquery.self-c64a74367bda6ef8b860f19e74df08927ca99d2be2ac934e9e92d5fd361e0da4.js?body=1" for ::1 at 2016-02-01 09:52:47 -0700


Started GET "/assets/jquery_ujs.self-d602bdfe68ffc63b9f9cc512872aa3cfff046228a0a36e90dd476e8ef54c1b09.js?body=1" for ::1 at 2016-02-01 09:52:47 -0700


Started GET "/assets/application.self-e80e8f2318043e8af94dddc2adad5a4f09739a8ebb323b3ab31cd71d45fd9113.css?body=1" for ::1 at 2016-02-01 09:52:47 -0700


Started GET "/assets/bears.self-877aef30ae1b040ab8a3aba4e3e309a11d7f2612f44dde450b5c157aa5f95c05.js?body=1" for ::1 at 2016-02-01 09:52:47 -0700


Started GET "/assets/turbolinks.self-c37727e9bd6b2735da5c311aa83fead54ed0be6cc8bd9a65309e9c5abe2cbfff.js?body=1" for ::1 at 2016-02-01 09:52:47 -0700


Started GET "/assets/application.self-3b8dabdc891efe46b9a144b400ad69e37d7e5876bdc39dee783419a69d7ca819.js?body=1" for ::1 at 2016-02-01 09:52:47 -0700


Started GET "/bears/new" for ::1 at 2016-02-01 09:52:49 -0700
Processing by BearsController#new as HTML
  Rendered bears/_form.html.erb (17.2ms)
  Rendered bears/new.html.erb within layouts/application (21.6ms)
Completed 200 OK in 48ms (Views: 43.6ms | ActiveRecord: 0.2ms)


Started POST "/bears" for ::1 at 2016-02-01 09:52:50 -0700
Processing by BearsController#create as HTML
  Parameters: {"utf8"=>"✓", "authenticity_token"=>"z+5egCYGsjjiwtqMsWwYEMhMZTk4J/itPwRCJXGpDyntFnc8thb8jkCikJhYhtZA6eWFqzM9Kemg2+gUd69pkA==", "bear"=>{"name"=>"", "description"=>"test"}, "commit"=>"Create Bear"}
  [1m[36m (0.1ms)[0m  [1mbegin transaction[0m
  [1m[35mSQL (0.5ms)[0m  INSERT INTO "bears" ("name", "description", "created_at", "updated_at") VALUES (?, ?, ?, ?)  [["name", ""], ["description", "test"], ["created_at", "2016-02-01 16:52:50.803539"], ["updated_at", "2016-02-01 16:52:50.803539"]]
  [1m[36m (0.6ms)[0m  [1mcommit transaction[0m
Redirected to http://localhost:3000/bears/1
Completed 302 Found in 8ms (ActiveRecord: 1.2ms)


Started GET "/bears/1" for ::1 at 2016-02-01 09:52:50 -0700
Processing by BearsController#show as HTML
  Parameters: {"id"=>"1"}
  [1m[35mBear Load (0.2ms)[0m  SELECT  "bears".* FROM "bears" WHERE "bears"."id" = ? LIMIT 1  [["id", 1]]
  Rendered bears/show.html.erb within layouts/application (0.9ms)
Completed 200 OK in 34ms (Views: 25.3ms | ActiveRecord: 0.2ms)


Started GET "/bears" for ::1 at 2016-02-01 09:52:52 -0700
Processing by BearsController#index as HTML
  [1m[36mBear Load (0.1ms)[0m  [1mSELECT "bears".* FROM "bears"[0m
  Rendered bears/index.html.erb within layouts/application (2.3ms)
Completed 200 OK in 16ms (Views: 15.7ms | ActiveRecord: 0.1ms)


Started GET "/" for ::1 at 2016-02-01 09:53:55 -0700
Processing by BearsController#index as HTML
  [1m[35mBear Load (0.2ms)[0m  SELECT "bears".* FROM "bears"
  Rendered bears/index.html.erb within layouts/application (4.6ms)
Completed 200 OK in 23ms (Views: 20.0ms | ActiveRecord: 0.4ms)


Started GET "/bears/new" for ::1 at 2016-02-01 09:53:57 -0700
Processing by BearsController#new as HTML
  Rendered bears/_form.html.erb (1.6ms)
  Rendered bears/new.html.erb within layouts/application (2.9ms)
Completed 200 OK in 16ms (Views: 15.4ms | ActiveRecord: 0.0ms)


Started POST "/bears" for ::1 at 2016-02-01 09:53:59 -0700
Processing by BearsController#create as HTML
  Parameters: {"utf8"=>"✓", "authenticity_token"=>"5DJpXTOu0O/O0k5G2wxY4hccz5FT38Euyh9B9AqCTUzGykDho76eWWyyBFIy5payNrUvA1jFEGpVwOvFDIQr9Q==", "bear"=>{"name"=>"", "description"=>"test"}, "commit"=>"Create Bear"}
  [1m[36m (0.1ms)[0m  [1mbegin transaction[0m
  [1m[35m (0.1ms)[0m  rollback transaction
Redirected to http://localhost:3000/bears/new
Completed 302 Found in 5ms (ActiveRecord: 0.2ms)


Started GET "/bears/new" for ::1 at 2016-02-01 09:53:59 -0700
Processing by BearsController#new as HTML
  Rendered bears/_form.html.erb (2.3ms)
  Rendered bears/new.html.erb within layouts/application (3.4ms)
Completed 200 OK in 19ms (Views: 18.6ms | ActiveRecord: 0.0ms)


Started POST "/bears" for ::1 at 2016-02-01 09:54:04 -0700
Processing by BearsController#create as HTML
  Parameters: {"utf8"=>"✓", "authenticity_token"=>"xFbH3aDSHF994FALg1u8ZqYDI2Ku1xzDQ8frp5aD9Yfmru5hMMJS6d+AGh9qsXI2h6rD8KXNzYfcGEGWkIWTPg==", "bear"=>{"name"=>"sdfs", "description"=>""}, "commit"=>"Create Bear"}
  [1m[36m (0.1ms)[0m  [1mbegin transaction[0m
  [1m[35m (0.0ms)[0m  rollback transaction
Redirected to http://localhost:3000/bears/new
Completed 302 Found in 3ms (ActiveRecord: 0.1ms)


Started GET "/bears/new" for ::1 at 2016-02-01 09:54:04 -0700
Processing by BearsController#new as HTML
  Rendered bears/_form.html.erb (2.3ms)
  Rendered bears/new.html.erb within layouts/application (3.2ms)
Completed 200 OK in 23ms (Views: 22.9ms | ActiveRecord: 0.0ms)


Started POST "/bears" for ::1 at 2016-02-01 09:54:06 -0700
Processing by BearsController#create as HTML
  Parameters: {"utf8"=>"✓", "authenticity_token"=>"2lO4+Ss0MQsa4hqEQ3iRHgjCgoykpQdqvxy8XDQU53f4q5FFuyR/vbiCUJCqkl9OKWtiHq+/1i4gwxZtMhKBzg==", "bear"=>{"name"=>"test", "description"=>"asdf"}, "commit"=>"Create Bear"}
  [1m[36m (0.1ms)[0m  [1mbegin transaction[0m
  [1m[35mSQL (0.3ms)[0m  INSERT INTO "bears" ("name", "description", "created_at", "updated_at") VALUES (?, ?, ?, ?)  [["name", "test"], ["description", "asdf"], ["created_at", "2016-02-01 16:54:06.778647"], ["updated_at", "2016-02-01 16:54:06.778647"]]
  [1m[36m (0.5ms)[0m  [1mcommit transaction[0m
Redirected to http://localhost:3000/bears/2
Completed 302 Found in 3ms (ActiveRecord: 0.8ms)


Started GET "/bears/2" for ::1 at 2016-02-01 09:54:06 -0700
Processing by BearsController#show as HTML
  Parameters: {"id"=>"2"}
  [1m[35mBear Load (0.2ms)[0m  SELECT  "bears".* FROM "bears" WHERE "bears"."id" = ? LIMIT 1  [["id", 2]]
  Rendered bears/show.html.erb within layouts/application (0.3ms)
Completed 200 OK in 19ms (Views: 17.4ms | ActiveRecord: 0.2ms)


Started GET "/bears" for ::1 at 2016-02-01 09:54:08 -0700
Processing by BearsController#index as HTML
  [1m[36mBear Load (0.1ms)[0m  [1mSELECT "bears".* FROM "bears"[0m
  Rendered bears/index.html.erb within layouts/application (1.3ms)
Completed 200 OK in 25ms (Views: 24.1ms | ActiveRecord: 0.1ms)


Started GET "/bears/2" for ::1 at 2016-02-01 09:54:36 -0700
Processing by BearsController#show as HTML
  Parameters: {"id"=>"2"}
  [1m[35mBear Load (0.1ms)[0m  SELECT  "bears".* FROM "bears" WHERE "bears"."id" = ? LIMIT 1  [["id", 2]]
  Rendered bears/show.html.erb within layouts/application (0.5ms)
Completed 200 OK in 17ms (Views: 16.1ms | ActiveRecord: 0.1ms)


Started GET "/bears" for ::1 at 2016-02-01 09:54:37 -0700
Processing by BearsController#index as HTML
  [1m[36mBear Load (0.2ms)[0m  [1mSELECT "bears".* FROM "bears"[0m
  Rendered bears/index.html.erb within layouts/application (1.1ms)
Completed 200 OK in 13ms (Views: 12.8ms | ActiveRecord: 0.2ms)
